--------------- Build Started: 10/25/2018 21:07:04 Project: Design01, Configuration: ARM GCC 5.4-2016-q2-update Debug ---------------
The code generation step is up to date.
arm-none-eabi-gcc.exe -mcpu=cortex-m3 -mthumb -I. -IGenerated_Source\PSoC5 -Wa,-alh=.\CortexM3\ARM_GCC_541\Debug/main.lst -g -D DEBUG -D CY_CORE_ID=0 -Wall -ffunction-sections -ffat-lto-objects -Og -c main.c -o .\CortexM3\ARM_GCC_541\Debug\main.o
In file included from main.c:13:0:
light_control.h:17:16: warning: 'rgb_leds' defined but not used [-Wunused-variable]
 static color_t rgb_leds[LEDS_TO_CONTROL];
                ^
light_control.h:18:16: warning: 'ledToUpdate' defined but not used [-Wunused-variable]
 static uint8_t ledToUpdate = 0;
                ^
arm-none-eabi-ar.exe -rs .\CortexM3\ARM_GCC_541\Debug\Design01.a .\CortexM3\ARM_GCC_541\Debug\PWM_RED.o .\CortexM3\ARM_GCC_541\Debug\PWM_RED_PM.o .\CortexM3\ARM_GCC_541\Debug\PWM_GREEN.o .\CortexM3\ARM_GCC_541\Debug\PWM_GREEN_PM.o .\CortexM3\ARM_GCC_541\Debug\PWM_BLUE.o .\CortexM3\ARM_GCC_541\Debug\PWM_BLUE_PM.o .\CortexM3\ARM_GCC_541\Debug\Clock_PWM.o .\CortexM3\ARM_GCC_541\Debug\Pin_RED.o .\CortexM3\ARM_GCC_541\Debug\Pin_GREEN.o .\CortexM3\ARM_GCC_541\Debug\Pin_BLUE.o .\CortexM3\ARM_GCC_541\Debug\UART_1.o .\CortexM3\ARM_GCC_541\Debug\UART_1_PM.o .\CortexM3\ARM_GCC_541\Debug\UART_1_INT.o .\CortexM3\ARM_GCC_541\Debug\UART_1_BOOT.o .\CortexM3\ARM_GCC_541\Debug\isr_uart_rx.o .\CortexM3\ARM_GCC_541\Debug\UART_1_IntClock.o .\CortexM3\ARM_GCC_541\Debug\cy_em_eeprom.o .\CortexM3\ARM_GCC_541\Debug\CyDmac.o .\CortexM3\ARM_GCC_541\Debug\CyFlash.o .\CortexM3\ARM_GCC_541\Debug\CyLib.o .\CortexM3\ARM_GCC_541\Debug\cyPm.o .\CortexM3\ARM_GCC_541\Debug\CySpc.o .\CortexM3\ARM_GCC_541\Debug\cyutils.o .\CortexM3\ARM_GCC_541\Debug\SPIM_led_control.o .\CortexM3\ARM_GCC_541\Debug\SPIM_led_control_PM.o .\CortexM3\ARM_GCC_541\Debug\SPIM_led_control_INT.o .\CortexM3\ARM_GCC_541\Debug\Pin_mosi.o .\CortexM3\ARM_GCC_541\Debug\Pin_sclk.o .\CortexM3\ARM_GCC_541\Debug\Pin_latch.o .\CortexM3\ARM_GCC_541\Debug\Pin_miso.o .\CortexM3\ARM_GCC_541\Debug\Timer_led_updater.o .\CortexM3\ARM_GCC_541\Debug\Timer_led_updater_PM.o .\CortexM3\ARM_GCC_541\Debug\isr_update_leds.o .\CortexM3\ARM_GCC_541\Debug\Clock_LedUpdate.o .\CortexM3\ARM_GCC_541\Debug\Clock_SPI.o .\CortexM3\ARM_GCC_541\Debug\Pin_output_enable.o .\CortexM3\ARM_GCC_541\Debug\CyBootAsmGnu.o
arm-none-eabi-ar.exe: creating .\CortexM3\ARM_GCC_541\Debug\Design01.a
arm-none-eabi-gcc.exe -Wl,--start-group -o "C:\Users\Marcus Gasberg\Documents\GitHub\i3prj_projekt\Softwaredesign\Demoer\BeerPongTable_LED_Demo\Design01.cydsn\CortexM3\ARM_GCC_541\Debug\Design01.elf" .\CortexM3\ARM_GCC_541\Debug\main.o .\CortexM3\ARM_GCC_541\Debug\rgb_led.o .\CortexM3\ARM_GCC_541\Debug\light_control.o .\CortexM3\ARM_GCC_541\Debug\cyfitter_cfg.o .\CortexM3\ARM_GCC_541\Debug\cymetadata.o .\CortexM3\ARM_GCC_541\Debug\Cm3Start.o .\CortexM3\ARM_GCC_541\Debug\Design01.a "F:\Marcus\software\PSoC Creator\4.2\PSoC Creator\psoc\content\cycomponentlibrary\CyComponentLibrary.cylib\CortexM3\ARM_GCC_541\Debug\CyComponentLibrary.a" -mcpu=cortex-m3 -mthumb -L Generated_Source\PSoC5 -Wl,-Map,.\CortexM3\ARM_GCC_541\Debug/Design01.map -T Generated_Source\PSoC5\cm3gcc.ld -specs=nano.specs -Wl,--gc-sections -g -ffunction-sections -Og -ffat-lto-objects -Wl,--end-group
cyelftool.exe -C "C:\Users\Marcus Gasberg\Documents\GitHub\i3prj_projekt\Softwaredesign\Demoer\BeerPongTable_LED_Demo\Design01.cydsn\CortexM3\ARM_GCC_541\Debug\Design01.elf" --flash_row_size 256 --flash_size 262144 --flash_offset 0x00000000
No ELF section .cychecksum found, creating one
Application checksum calculated and stored in ELF section .cychecksum
Checksum calculated and stored in ELF section .cymeta
cyelftool.exe -S "C:\Users\Marcus Gasberg\Documents\GitHub\i3prj_projekt\Softwaredesign\Demoer\BeerPongTable_LED_Demo\Design01.cydsn\CortexM3\ARM_GCC_541\Debug\Design01.elf"
Flash used: 3806 of 262144 bytes (1.5%).
SRAM used: 2553 of 65536 bytes (3.9%). Stack: 2048 bytes. Heap: 128 bytes.
--------------- Build Succeeded: 10/25/2018 21:07:05 ---------------
