ARM GAS  C:\Users\MARCUS~1\AppData\Local\Temp\ccuTm1cv.s 			page 1


   1              		.syntax unified
   2              		.cpu cortex-m3
   3              		.fpu softvfp
   4              		.eabi_attribute 20, 1
   5              		.eabi_attribute 21, 1
   6              		.eabi_attribute 23, 3
   7              		.eabi_attribute 24, 1
   8              		.eabi_attribute 25, 1
   9              		.eabi_attribute 26, 1
  10              		.eabi_attribute 30, 1
  11              		.eabi_attribute 34, 1
  12              		.eabi_attribute 18, 4
  13              		.thumb
  14              		.syntax unified
  15              		.file	"cymetadata.c"
  16              		.text
  17              	.Ltext0:
  18              		.cfi_sections	.debug_frame
  19              		.global	cy_metadata
  20              		.global	cy_meta_flashprotect
  21              		.global	cy_meta_wonvl
  22              		.global	cy_meta_custnvl
  23              		.global	cy_meta_configecc
  24              		.section	.cyconfigecc,"a",%progbits
  25              		.align	2
  26              		.type	cy_meta_configecc, %object
  27              		.size	cy_meta_configecc, 1840
  28              	cy_meta_configecc:
  29 0000 02       		.byte	2
  30 0001 4F       		.byte	79
  31 0002 00       		.byte	0
  32 0003 40       		.byte	64
  33 0004 06       		.byte	6
  34 0005 52       		.byte	82
  35 0006 00       		.byte	0
  36 0007 40       		.byte	64
  37 0008 03       		.byte	3
  38 0009 64       		.byte	100
  39 000a 00       		.byte	0
  40 000b 40       		.byte	64
  41 000c 04       		.byte	4
  42 000d 65       		.byte	101
  43 000e 00       		.byte	0
  44 000f 40       		.byte	64
  45 0010 01       		.byte	1
  46 0011 05       		.byte	5
  47 0012 01       		.byte	1
  48 0013 40       		.byte	64
  49 0014 04       		.byte	4
  50 0015 06       		.byte	6
  51 0016 01       		.byte	1
  52 0017 40       		.byte	64
  53 0018 02       		.byte	2
  54 0019 07       		.byte	7
  55 001a 01       		.byte	1
  56 001b 40       		.byte	64
  57 001c 68       		.byte	104
ARM GAS  C:\Users\MARCUS~1\AppData\Local\Temp\ccuTm1cv.s 			page 2


  58 001d 08       		.byte	8
  59 001e 01       		.byte	1
  60 001f 40       		.byte	64
  61 0020 4D       		.byte	77
  62 0021 09       		.byte	9
  63 0022 01       		.byte	1
  64 0023 40       		.byte	64
  65 0024 58       		.byte	88
  66 0025 0A       		.byte	10
  67 0026 01       		.byte	1
  68 0027 40       		.byte	64
  69 0028 42       		.byte	66
  70 0029 0B       		.byte	11
  71 002a 01       		.byte	1
  72 002b 40       		.byte	64
  73 002c 0A       		.byte	10
  74 002d 0C       		.byte	12
  75 002e 01       		.byte	1
  76 002f 40       		.byte	64
  77 0030 2F       		.byte	47
  78 0031 0D       		.byte	13
  79 0032 01       		.byte	1
  80 0033 40       		.byte	64
  81 0034 01       		.byte	1
  82 0035 15       		.byte	21
  83 0036 01       		.byte	1
  84 0037 40       		.byte	64
  85 0038 48       		.byte	72
  86 0039 18       		.byte	24
  87 003a 01       		.byte	1
  88 003b 40       		.byte	64
  89 003c 3E       		.byte	62
  90 003d 19       		.byte	25
  91 003e 01       		.byte	1
  92 003f 40       		.byte	64
  93 0040 64       		.byte	100
  94 0041 1A       		.byte	26
  95 0042 01       		.byte	1
  96 0043 40       		.byte	64
  97 0044 4B       		.byte	75
  98 0045 1B       		.byte	27
  99 0046 01       		.byte	1
 100 0047 40       		.byte	64
 101 0048 02       		.byte	2
 102 0049 40       		.byte	64
 103 004a 01       		.byte	1
 104 004b 40       		.byte	64
 105 004c 03       		.byte	3
 106 004d 41       		.byte	65
 107 004e 01       		.byte	1
 108 004f 40       		.byte	64
 109 0050 03       		.byte	3
 110 0051 42       		.byte	66
 111 0052 01       		.byte	1
 112 0053 40       		.byte	64
 113 0054 05       		.byte	5
 114 0055 43       		.byte	67
ARM GAS  C:\Users\MARCUS~1\AppData\Local\Temp\ccuTm1cv.s 			page 3


 115 0056 01       		.byte	1
 116 0057 40       		.byte	64
 117 0058 04       		.byte	4
 118 0059 45       		.byte	69
 119 005a 01       		.byte	1
 120 005b 40       		.byte	64
 121 005c 02       		.byte	2
 122 005d 46       		.byte	70
 123 005e 01       		.byte	1
 124 005f 40       		.byte	64
 125 0060 02       		.byte	2
 126 0061 47       		.byte	71
 127 0062 01       		.byte	1
 128 0063 40       		.byte	64
 129 0064 01       		.byte	1
 130 0065 48       		.byte	72
 131 0066 01       		.byte	1
 132 0067 40       		.byte	64
 133 0068 03       		.byte	3
 134 0069 49       		.byte	73
 135 006a 01       		.byte	1
 136 006b 40       		.byte	64
 137 006c 09       		.byte	9
 138 006d 4C       		.byte	76
 139 006e 01       		.byte	1
 140 006f 40       		.byte	64
 141 0070 0C       		.byte	12
 142 0071 4D       		.byte	77
 143 0072 01       		.byte	1
 144 0073 40       		.byte	64
 145 0074 05       		.byte	5
 146 0075 50       		.byte	80
 147 0076 01       		.byte	1
 148 0077 40       		.byte	64
 149 0078 01       		.byte	1
 150 0079 51       		.byte	81
 151 007a 01       		.byte	1
 152 007b 40       		.byte	64
 153 007c 01       		.byte	1
 154 007d 30       		.byte	48
 155 007e 0A       		.byte	10
 156 007f 27       		.byte	39
 157 0080 08       		.byte	8
 158 0081 20       		.byte	32
 159 0082 09       		.byte	9
 160 0083 30       		.byte	48
 161 0084 10       		.byte	16
 162 0085 04       		.byte	4
 163 0086 11       		.byte	17
 164 0087 01       		.byte	1
 165 0088 61       		.byte	97
 166 0089 80       		.byte	-128
 167 008a 64       		.byte	100
 168 008b 40       		.byte	64
 169 008c 89       		.byte	-119
 170 008d 0F       		.byte	15
 171 008e 8A       		.byte	-118
ARM GAS  C:\Users\MARCUS~1\AppData\Local\Temp\ccuTm1cv.s 			page 4


 172 008f 0D       		.byte	13
 173 0090 8C       		.byte	-116
 174 0091 0F       		.byte	15
 175 0092 88       		.byte	-120
 176 0093 0D       		.byte	13
 177 0094 89       		.byte	-119
 178 0095 72       		.byte	114
 179 0096 8A       		.byte	-118
 180 0097 38       		.byte	56
 181 0098 8B       		.byte	-117
 182 0099 0D       		.byte	13
 183 009a EC       		.byte	-20
 184 009b 04       		.byte	4
 185 009c B9       		.byte	-71
 186 009d 02       		.byte	2
 187 009e BF       		.byte	-65
 188 009f 01       		.byte	1
 189 00a0 D9       		.byte	-39
 190 00a1 04       		.byte	4
 191 00a2 DF       		.byte	-33
 192 00a3 01       		.byte	1
 193 00a4 21       		.byte	33
 194 00a5 02       		.byte	2
 195 00a6 81       		.byte	-127
 196 00a7 02       		.byte	2
 197 00a8 07       		.byte	7
 198 00a9 06       		.byte	6
 199 00aa 08       		.byte	8
 200 00ab 10       		.byte	16
 201 00ac 10       		.byte	16
 202 00ad 09       		.byte	9
 203 00ae 12       		.byte	18
 204 00af 06       		.byte	6
 205 00b0 18       		.byte	24
 206 00b1 03       		.byte	3
 207 00b2 19       		.byte	25
 208 00b3 02       		.byte	2
 209 00b4 1A       		.byte	26
 210 00b5 0C       		.byte	12
 211 00b6 1C       		.byte	28
 212 00b7 02       		.byte	2
 213 00b8 1E       		.byte	30
 214 00b9 0D       		.byte	13
 215 00ba 24       		.byte	36
 216 00bb 05       		.byte	5
 217 00bc 26       		.byte	38
 218 00bd 0A       		.byte	10
 219 00be 2F       		.byte	47
 220 00bf 01       		.byte	1
 221 00c0 31       		.byte	49
 222 00c1 02       		.byte	2
 223 00c2 33       		.byte	51
 224 00c3 04       		.byte	4
 225 00c4 34       		.byte	52
 226 00c5 10       		.byte	16
 227 00c6 36       		.byte	54
 228 00c7 0F       		.byte	15
ARM GAS  C:\Users\MARCUS~1\AppData\Local\Temp\ccuTm1cv.s 			page 5


 229 00c8 37       		.byte	55
 230 00c9 01       		.byte	1
 231 00ca 3A       		.byte	58
 232 00cb 80       		.byte	-128
 233 00cc 3E       		.byte	62
 234 00cd 10       		.byte	16
 235 00ce 40       		.byte	64
 236 00cf 60       		.byte	96
 237 00d0 41       		.byte	65
 238 00d1 03       		.byte	3
 239 00d2 45       		.byte	69
 240 00d3 D0       		.byte	-48
 241 00d4 46       		.byte	70
 242 00d5 21       		.byte	33
 243 00d6 48       		.byte	72
 244 00d7 0E       		.byte	14
 245 00d8 49       		.byte	73
 246 00d9 FF       		.byte	-1
 247 00da 4A       		.byte	74
 248 00db FF       		.byte	-1
 249 00dc 4B       		.byte	75
 250 00dd FF       		.byte	-1
 251 00de 4D       		.byte	77
 252 00df A0       		.byte	-96
 253 00e0 4F       		.byte	79
 254 00e1 04       		.byte	4
 255 00e2 50       		.byte	80
 256 00e3 18       		.byte	24
 257 00e4 54       		.byte	84
 258 00e5 40       		.byte	64
 259 00e6 58       		.byte	88
 260 00e7 04       		.byte	4
 261 00e8 59       		.byte	89
 262 00e9 04       		.byte	4
 263 00ea 5A       		.byte	90
 264 00eb 04       		.byte	4
 265 00ec 5B       		.byte	91
 266 00ed 04       		.byte	4
 267 00ee 5C       		.byte	92
 268 00ef 10       		.byte	16
 269 00f0 5D       		.byte	93
 270 00f1 01       		.byte	1
 271 00f2 5F       		.byte	95
 272 00f3 01       		.byte	1
 273 00f4 60       		.byte	96
 274 00f5 40       		.byte	64
 275 00f6 62       		.byte	98
 276 00f7 C0       		.byte	-64
 277 00f8 64       		.byte	100
 278 00f9 40       		.byte	64
 279 00fa 65       		.byte	101
 280 00fb 40       		.byte	64
 281 00fc 66       		.byte	102
 282 00fd C0       		.byte	-64
 283 00fe 68       		.byte	104
 284 00ff C0       		.byte	-64
 285 0100 6A       		.byte	106
ARM GAS  C:\Users\MARCUS~1\AppData\Local\Temp\ccuTm1cv.s 			page 6


 286 0101 C0       		.byte	-64
 287 0102 6C       		.byte	108
 288 0103 C0       		.byte	-64
 289 0104 6E       		.byte	110
 290 0105 C0       		.byte	-64
 291 0106 82       		.byte	-126
 292 0107 08       		.byte	8
 293 0108 83       		.byte	-125
 294 0109 20       		.byte	32
 295 010a 87       		.byte	-121
 296 010b 20       		.byte	32
 297 010c 8B       		.byte	-117
 298 010d 08       		.byte	8
 299 010e 8C       		.byte	-116
 300 010f D1       		.byte	-47
 301 0110 8D       		.byte	-115
 302 0111 0A       		.byte	10
 303 0112 8E       		.byte	-114
 304 0113 0E       		.byte	14
 305 0114 8F       		.byte	-113
 306 0115 14       		.byte	20
 307 0116 90       		.byte	-112
 308 0117 8C       		.byte	-116
 309 0118 92       		.byte	-110
 310 0119 13       		.byte	19
 311 011a 95       		.byte	-107
 312 011b 03       		.byte	3
 313 011c 96       		.byte	-106
 314 011d 0C       		.byte	12
 315 011e 97       		.byte	-105
 316 011f 14       		.byte	20
 317 0120 9B       		.byte	-101
 318 0121 15       		.byte	21
 319 0122 9C       		.byte	-100
 320 0123 D1       		.byte	-47
 321 0124 9D       		.byte	-99
 322 0125 40       		.byte	64
 323 0126 9E       		.byte	-98
 324 0127 06       		.byte	6
 325 0128 A1       		.byte	-95
 326 0129 13       		.byte	19
 327 012a A3       		.byte	-93
 328 012b 0C       		.byte	12
 329 012c A4       		.byte	-92
 330 012d 20       		.byte	32
 331 012e A6       		.byte	-90
 332 012f 43       		.byte	67
 333 0130 AD       		.byte	-83
 334 0131 13       		.byte	19
 335 0132 AF       		.byte	-81
 336 0133 04       		.byte	4
 337 0134 B0       		.byte	-80
 338 0135 0F       		.byte	15
 339 0136 B1       		.byte	-79
 340 0137 0F       		.byte	15
 341 0138 B2       		.byte	-78
 342 0139 30       		.byte	48
ARM GAS  C:\Users\MARCUS~1\AppData\Local\Temp\ccuTm1cv.s 			page 7


 343 013a B3       		.byte	-77
 344 013b 40       		.byte	64
 345 013c B4       		.byte	-76
 346 013d C0       		.byte	-64
 347 013e B5       		.byte	-75
 348 013f 20       		.byte	32
 349 0140 B7       		.byte	-73
 350 0141 10       		.byte	16
 351 0142 B8       		.byte	-72
 352 0143 28       		.byte	40
 353 0144 BA       		.byte	-70
 354 0145 02       		.byte	2
 355 0146 BB       		.byte	-69
 356 0147 02       		.byte	2
 357 0148 BE       		.byte	-66
 358 0149 10       		.byte	16
 359 014a BF       		.byte	-65
 360 014b 54       		.byte	84
 361 014c C0       		.byte	-64
 362 014d 06       		.byte	6
 363 014e C6       		.byte	-58
 364 014f 04       		.byte	4
 365 0150 C9       		.byte	-55
 366 0151 FF       		.byte	-1
 367 0152 CA       		.byte	-54
 368 0153 07       		.byte	7
 369 0154 CB       		.byte	-53
 370 0155 FF       		.byte	-1
 371 0156 CC       		.byte	-52
 372 0157 40       		.byte	64
 373 0158 CD       		.byte	-51
 374 0159 20       		.byte	32
 375 015a CE       		.byte	-50
 376 015b F0       		.byte	-16
 377 015c CF       		.byte	-49
 378 015d 05       		.byte	5
 379 015e D0       		.byte	-48
 380 015f 08       		.byte	8
 381 0160 D4       		.byte	-44
 382 0161 01       		.byte	1
 383 0162 D8       		.byte	-40
 384 0163 04       		.byte	4
 385 0164 D9       		.byte	-39
 386 0165 04       		.byte	4
 387 0166 DA       		.byte	-38
 388 0167 04       		.byte	4
 389 0168 DB       		.byte	-37
 390 0169 04       		.byte	4
 391 016a DC       		.byte	-36
 392 016b 22       		.byte	34
 393 016c DD       		.byte	-35
 394 016d 22       		.byte	34
 395 016e DF       		.byte	-33
 396 016f 01       		.byte	1
 397 0170 E0       		.byte	-32
 398 0171 40       		.byte	64
 399 0172 E1       		.byte	-31
ARM GAS  C:\Users\MARCUS~1\AppData\Local\Temp\ccuTm1cv.s 			page 8


 400 0173 A8       		.byte	-88
 401 0174 E2       		.byte	-30
 402 0175 40       		.byte	64
 403 0176 E3       		.byte	-29
 404 0177 20       		.byte	32
 405 0178 02       		.byte	2
 406 0179 80       		.byte	-128
 407 017a 03       		.byte	3
 408 017b 02       		.byte	2
 409 017c 05       		.byte	5
 410 017d 20       		.byte	32
 411 017e 08       		.byte	8
 412 017f 40       		.byte	64
 413 0180 0A       		.byte	10
 414 0181 63       		.byte	99
 415 0182 0D       		.byte	13
 416 0183 02       		.byte	2
 417 0184 0E       		.byte	14
 418 0185 0A       		.byte	10
 419 0186 10       		.byte	16
 420 0187 20       		.byte	32
 421 0188 17       		.byte	23
 422 0189 08       		.byte	8
 423 018a 18       		.byte	24
 424 018b A0       		.byte	-96
 425 018c 19       		.byte	25
 426 018d 10       		.byte	16
 427 018e 1A       		.byte	26
 428 018f 60       		.byte	96
 429 0190 1C       		.byte	28
 430 0191 08       		.byte	8
 431 0192 1E       		.byte	30
 432 0193 02       		.byte	2
 433 0194 1F       		.byte	31
 434 0195 40       		.byte	64
 435 0196 20       		.byte	32
 436 0197 04       		.byte	4
 437 0198 22       		.byte	34
 438 0199 45       		.byte	69
 439 019a 24       		.byte	36
 440 019b 40       		.byte	64
 441 019c 25       		.byte	37
 442 019d C0       		.byte	-64
 443 019e 27       		.byte	39
 444 019f 20       		.byte	32
 445 01a0 28       		.byte	40
 446 01a1 40       		.byte	64
 447 01a2 2B       		.byte	43
 448 01a3 02       		.byte	2
 449 01a4 2E       		.byte	46
 450 01a5 80       		.byte	-128
 451 01a6 30       		.byte	48
 452 01a7 20       		.byte	32
 453 01a8 32       		.byte	50
 454 01a9 08       		.byte	8
 455 01aa 33       		.byte	51
 456 01ab 90       		.byte	-112
ARM GAS  C:\Users\MARCUS~1\AppData\Local\Temp\ccuTm1cv.s 			page 9


 457 01ac 37       		.byte	55
 458 01ad 20       		.byte	32
 459 01ae 38       		.byte	56
 460 01af A0       		.byte	-96
 461 01b0 39       		.byte	57
 462 01b1 02       		.byte	2
 463 01b2 3A       		.byte	58
 464 01b3 04       		.byte	4
 465 01b4 3E       		.byte	62
 466 01b5 08       		.byte	8
 467 01b6 46       		.byte	70
 468 01b7 20       		.byte	32
 469 01b8 48       		.byte	72
 470 01b9 20       		.byte	32
 471 01ba 49       		.byte	73
 472 01bb 10       		.byte	16
 473 01bc 4D       		.byte	77
 474 01bd 01       		.byte	1
 475 01be 4F       		.byte	79
 476 01bf 10       		.byte	16
 477 01c0 52       		.byte	82
 478 01c1 80       		.byte	-128
 479 01c2 56       		.byte	86
 480 01c3 60       		.byte	96
 481 01c4 57       		.byte	87
 482 01c5 10       		.byte	16
 483 01c6 58       		.byte	88
 484 01c7 22       		.byte	34
 485 01c8 5A       		.byte	90
 486 01c9 88       		.byte	-120
 487 01ca 60       		.byte	96
 488 01cb 20       		.byte	32
 489 01cc 62       		.byte	98
 490 01cd 08       		.byte	8
 491 01ce 64       		.byte	100
 492 01cf 09       		.byte	9
 493 01d0 65       		.byte	101
 494 01d1 04       		.byte	4
 495 01d2 78       		.byte	120
 496 01d3 02       		.byte	2
 497 01d4 7B       		.byte	123
 498 01d5 80       		.byte	-128
 499 01d6 88       		.byte	-120
 500 01d7 04       		.byte	4
 501 01d8 91       		.byte	-111
 502 01d9 08       		.byte	8
 503 01da 93       		.byte	-109
 504 01db 10       		.byte	16
 505 01dc 96       		.byte	-106
 506 01dd 66       		.byte	102
 507 01de 97       		.byte	-105
 508 01df 80       		.byte	-128
 509 01e0 98       		.byte	-104
 510 01e1 09       		.byte	9
 511 01e2 99       		.byte	-103
 512 01e3 24       		.byte	36
 513 01e4 9B       		.byte	-101
ARM GAS  C:\Users\MARCUS~1\AppData\Local\Temp\ccuTm1cv.s 			page 10


 514 01e5 08       		.byte	8
 515 01e6 9E       		.byte	-98
 516 01e7 10       		.byte	16
 517 01e8 A0       		.byte	-96
 518 01e9 10       		.byte	16
 519 01ea A1       		.byte	-95
 520 01eb 22       		.byte	34
 521 01ec A2       		.byte	-94
 522 01ed 04       		.byte	4
 523 01ee A3       		.byte	-93
 524 01ef 02       		.byte	2
 525 01f0 A4       		.byte	-92
 526 01f1 20       		.byte	32
 527 01f2 A5       		.byte	-91
 528 01f3 80       		.byte	-128
 529 01f4 A6       		.byte	-90
 530 01f5 80       		.byte	-128
 531 01f6 AC       		.byte	-84
 532 01f7 01       		.byte	1
 533 01f8 AD       		.byte	-83
 534 01f9 08       		.byte	8
 535 01fa B2       		.byte	-78
 536 01fb 80       		.byte	-128
 537 01fc B3       		.byte	-77
 538 01fd 20       		.byte	32
 539 01fe C0       		.byte	-64
 540 01ff 49       		.byte	73
 541 0200 C2       		.byte	-62
 542 0201 DD       		.byte	-35
 543 0202 C4       		.byte	-60
 544 0203 24       		.byte	36
 545 0204 CA       		.byte	-54
 546 0205 19       		.byte	25
 547 0206 CC       		.byte	-52
 548 0207 2E       		.byte	46
 549 0208 CE       		.byte	-50
 550 0209 4F       		.byte	79
 551 020a D0       		.byte	-48
 552 020b 40       		.byte	64
 553 020c D2       		.byte	-46
 554 020d 24       		.byte	36
 555 020e D6       		.byte	-42
 556 020f 0F       		.byte	15
 557 0210 D8       		.byte	-40
 558 0211 70       		.byte	112
 559 0212 01       		.byte	1
 560 0213 08       		.byte	8
 561 0214 04       		.byte	4
 562 0215 14       		.byte	20
 563 0216 0B       		.byte	11
 564 0217 0B       		.byte	11
 565 0218 0C       		.byte	12
 566 0219 0C       		.byte	12
 567 021a 0E       		.byte	14
 568 021b 71       		.byte	113
 569 021c 0F       		.byte	15
 570 021d 04       		.byte	4
ARM GAS  C:\Users\MARCUS~1\AppData\Local\Temp\ccuTm1cv.s 			page 11


 571 021e 10       		.byte	16
 572 021f DC       		.byte	-36
 573 0220 12       		.byte	18
 574 0221 22       		.byte	34
 575 0222 14       		.byte	20
 576 0223 09       		.byte	9
 577 0224 16       		.byte	22
 578 0225 D0       		.byte	-48
 579 0226 1A       		.byte	26
 580 0227 03       		.byte	3
 581 0228 1C       		.byte	28
 582 0229 10       		.byte	16
 583 022a 1E       		.byte	30
 584 022b AC       		.byte	-84
 585 022c 1F       		.byte	31
 586 022d 02       		.byte	2
 587 022e 20       		.byte	32
 588 022f 10       		.byte	16
 589 0230 22       		.byte	34
 590 0231 40       		.byte	64
 591 0232 26       		.byte	38
 592 0233 20       		.byte	32
 593 0234 30       		.byte	48
 594 0235 E0       		.byte	-32
 595 0236 31       		.byte	49
 596 0237 08       		.byte	8
 597 0238 33       		.byte	51
 598 0239 04       		.byte	4
 599 023a 34       		.byte	52
 600 023b 1F       		.byte	31
 601 023c 35       		.byte	53
 602 023d 02       		.byte	2
 603 023e 37       		.byte	55
 604 023f 01       		.byte	1
 605 0240 3A       		.byte	58
 606 0241 02       		.byte	2
 607 0242 40       		.byte	64
 608 0243 10       		.byte	16
 609 0244 41       		.byte	65
 610 0245 06       		.byte	6
 611 0246 45       		.byte	69
 612 0247 D2       		.byte	-46
 613 0248 46       		.byte	70
 614 0249 10       		.byte	16
 615 024a 47       		.byte	71
 616 024b 02       		.byte	2
 617 024c 48       		.byte	72
 618 024d 1B       		.byte	27
 619 024e 49       		.byte	73
 620 024f FF       		.byte	-1
 621 0250 4A       		.byte	74
 622 0251 FF       		.byte	-1
 623 0252 4B       		.byte	75
 624 0253 FF       		.byte	-1
 625 0254 4D       		.byte	77
 626 0255 A0       		.byte	-96
 627 0256 4F       		.byte	79
ARM GAS  C:\Users\MARCUS~1\AppData\Local\Temp\ccuTm1cv.s 			page 12


 628 0257 04       		.byte	4
 629 0258 50       		.byte	80
 630 0259 18       		.byte	24
 631 025a 54       		.byte	84
 632 025b 05       		.byte	5
 633 025c 58       		.byte	88
 634 025d 04       		.byte	4
 635 025e 59       		.byte	89
 636 025f 04       		.byte	4
 637 0260 5A       		.byte	90
 638 0261 04       		.byte	4
 639 0262 5B       		.byte	91
 640 0263 04       		.byte	4
 641 0264 5C       		.byte	92
 642 0265 12       		.byte	18
 643 0266 5D       		.byte	93
 644 0267 11       		.byte	17
 645 0268 5F       		.byte	95
 646 0269 01       		.byte	1
 647 026a 60       		.byte	96
 648 026b 40       		.byte	64
 649 026c 62       		.byte	98
 650 026d C0       		.byte	-64
 651 026e 64       		.byte	100
 652 026f 40       		.byte	64
 653 0270 65       		.byte	101
 654 0271 40       		.byte	64
 655 0272 66       		.byte	102
 656 0273 C0       		.byte	-64
 657 0274 68       		.byte	104
 658 0275 C0       		.byte	-64
 659 0276 6A       		.byte	106
 660 0277 C0       		.byte	-64
 661 0278 6C       		.byte	108
 662 0279 C0       		.byte	-64
 663 027a 6E       		.byte	110
 664 027b C0       		.byte	-64
 665 027c 84       		.byte	-124
 666 027d 02       		.byte	2
 667 027e 86       		.byte	-122
 668 027f 0D       		.byte	13
 669 0280 88       		.byte	-120
 670 0281 62       		.byte	98
 671 0282 89       		.byte	-119
 672 0283 05       		.byte	5
 673 0284 8A       		.byte	-118
 674 0285 14       		.byte	20
 675 0286 8B       		.byte	-117
 676 0287 0A       		.byte	10
 677 0288 8C       		.byte	-116
 678 0289 0D       		.byte	13
 679 028a 8E       		.byte	-114
 680 028b 80       		.byte	-128
 681 028c 90       		.byte	-112
 682 028d 42       		.byte	66
 683 028e 92       		.byte	-110
 684 028f 08       		.byte	8
ARM GAS  C:\Users\MARCUS~1\AppData\Local\Temp\ccuTm1cv.s 			page 13


 685 0290 95       		.byte	-107
 686 0291 03       		.byte	3
 687 0292 96       		.byte	-106
 688 0293 80       		.byte	-128
 689 0294 97       		.byte	-105
 690 0295 04       		.byte	4
 691 0296 98       		.byte	-104
 692 0297 11       		.byte	17
 693 0298 9A       		.byte	-102
 694 0299 22       		.byte	34
 695 029a 9C       		.byte	-100
 696 029b 8D       		.byte	-115
 697 029c 9D       		.byte	-99
 698 029d 0E       		.byte	14
 699 029e A0       		.byte	-96
 700 029f 40       		.byte	64
 701 02a0 A4       		.byte	-92
 702 02a1 8D       		.byte	-115
 703 02a2 A8       		.byte	-88
 704 02a3 8D       		.byte	-115
 705 02a4 AC       		.byte	-84
 706 02a5 8D       		.byte	-115
 707 02a6 AD       		.byte	-83
 708 02a7 04       		.byte	4
 709 02a8 AF       		.byte	-81
 710 02a9 09       		.byte	9
 711 02aa B0       		.byte	-80
 712 02ab 70       		.byte	112
 713 02ac B1       		.byte	-79
 714 02ad 0F       		.byte	15
 715 02ae B2       		.byte	-78
 716 02af 80       		.byte	-128
 717 02b0 B4       		.byte	-76
 718 02b1 0F       		.byte	15
 719 02b2 B9       		.byte	-71
 720 02b3 02       		.byte	2
 721 02b4 BA       		.byte	-70
 722 02b5 22       		.byte	34
 723 02b6 BE       		.byte	-66
 724 02b7 04       		.byte	4
 725 02b8 D4       		.byte	-44
 726 02b9 09       		.byte	9
 727 02ba D8       		.byte	-40
 728 02bb 04       		.byte	4
 729 02bc D9       		.byte	-39
 730 02bd 04       		.byte	4
 731 02be DB       		.byte	-37
 732 02bf 04       		.byte	4
 733 02c0 DF       		.byte	-33
 734 02c1 01       		.byte	1
 735 02c2 02       		.byte	2
 736 02c3 10       		.byte	16
 737 02c4 03       		.byte	3
 738 02c5 02       		.byte	2
 739 02c6 04       		.byte	4
 740 02c7 04       		.byte	4
 741 02c8 07       		.byte	7
ARM GAS  C:\Users\MARCUS~1\AppData\Local\Temp\ccuTm1cv.s 			page 14


 742 02c9 09       		.byte	9
 743 02ca 0A       		.byte	10
 744 02cb 6A       		.byte	106
 745 02cc 0D       		.byte	13
 746 02cd 0A       		.byte	10
 747 02ce 0E       		.byte	14
 748 02cf 09       		.byte	9
 749 02d0 0F       		.byte	15
 750 02d1 20       		.byte	32
 751 02d2 10       		.byte	16
 752 02d3 20       		.byte	32
 753 02d4 12       		.byte	18
 754 02d5 80       		.byte	-128
 755 02d6 16       		.byte	22
 756 02d7 81       		.byte	-127
 757 02d8 17       		.byte	23
 758 02d9 14       		.byte	20
 759 02da 19       		.byte	25
 760 02db 20       		.byte	32
 761 02dc 1A       		.byte	26
 762 02dd 08       		.byte	8
 763 02de 1B       		.byte	27
 764 02df 02       		.byte	2
 765 02e0 1C       		.byte	28
 766 02e1 04       		.byte	4
 767 02e2 1D       		.byte	29
 768 02e3 06       		.byte	6
 769 02e4 1F       		.byte	31
 770 02e5 01       		.byte	1
 771 02e6 21       		.byte	33
 772 02e7 24       		.byte	36
 773 02e8 23       		.byte	35
 774 02e9 91       		.byte	-111
 775 02ea 27       		.byte	39
 776 02eb 40       		.byte	64
 777 02ec 2F       		.byte	47
 778 02ed 01       		.byte	1
 779 02ee 31       		.byte	49
 780 02ef 80       		.byte	-128
 781 02f0 36       		.byte	54
 782 02f1 04       		.byte	4
 783 02f2 37       		.byte	55
 784 02f3 40       		.byte	64
 785 02f4 38       		.byte	56
 786 02f5 20       		.byte	32
 787 02f6 3B       		.byte	59
 788 02f7 41       		.byte	65
 789 02f8 3D       		.byte	61
 790 02f9 20       		.byte	32
 791 02fa 41       		.byte	65
 792 02fb 80       		.byte	-128
 793 02fc 48       		.byte	72
 794 02fd 18       		.byte	24
 795 02fe 49       		.byte	73
 796 02ff 01       		.byte	1
 797 0300 50       		.byte	80
 798 0301 18       		.byte	24
ARM GAS  C:\Users\MARCUS~1\AppData\Local\Temp\ccuTm1cv.s 			page 15


 799 0302 59       		.byte	89
 800 0303 01       		.byte	1
 801 0304 5A       		.byte	90
 802 0305 04       		.byte	4
 803 0306 5B       		.byte	91
 804 0307 80       		.byte	-128
 805 0308 5C       		.byte	92
 806 0309 40       		.byte	64
 807 030a 5D       		.byte	93
 808 030b 09       		.byte	9
 809 030c 5F       		.byte	95
 810 030d 20       		.byte	32
 811 030e 65       		.byte	101
 812 030f 40       		.byte	64
 813 0310 90       		.byte	-112
 814 0311 40       		.byte	64
 815 0312 91       		.byte	-111
 816 0313 01       		.byte	1
 817 0314 92       		.byte	-110
 818 0315 01       		.byte	1
 819 0316 93       		.byte	-109
 820 0317 40       		.byte	64
 821 0318 97       		.byte	-105
 822 0319 80       		.byte	-128
 823 031a 98       		.byte	-104
 824 031b 08       		.byte	8
 825 031c 99       		.byte	-103
 826 031d 48       		.byte	72
 827 031e 9A       		.byte	-102
 828 031f 81       		.byte	-127
 829 0320 9B       		.byte	-101
 830 0321 1D       		.byte	29
 831 0322 A1       		.byte	-95
 832 0323 10       		.byte	16
 833 0324 A2       		.byte	-94
 834 0325 04       		.byte	4
 835 0326 A3       		.byte	-93
 836 0327 10       		.byte	16
 837 0328 A5       		.byte	-91
 838 0329 02       		.byte	2
 839 032a A9       		.byte	-87
 840 032b 40       		.byte	64
 841 032c B0       		.byte	-80
 842 032d 08       		.byte	8
 843 032e B1       		.byte	-79
 844 032f 23       		.byte	35
 845 0330 B4       		.byte	-76
 846 0331 10       		.byte	16
 847 0332 C0       		.byte	-64
 848 0333 E5       		.byte	-27
 849 0334 C2       		.byte	-62
 850 0335 FF       		.byte	-1
 851 0336 C4       		.byte	-60
 852 0337 FC       		.byte	-4
 853 0338 CA       		.byte	-54
 854 0339 10       		.byte	16
 855 033a CC       		.byte	-52
ARM GAS  C:\Users\MARCUS~1\AppData\Local\Temp\ccuTm1cv.s 			page 16


 856 033b 58       		.byte	88
 857 033c CE       		.byte	-50
 858 033d 2D       		.byte	45
 859 033e D0       		.byte	-48
 860 033f 08       		.byte	8
 861 0340 D2       		.byte	-46
 862 0341 04       		.byte	4
 863 0342 D6       		.byte	-42
 864 0343 FB       		.byte	-5
 865 0344 D8       		.byte	-40
 866 0345 10       		.byte	16
 867 0346 8A       		.byte	-118
 868 0347 02       		.byte	2
 869 0348 92       		.byte	-110
 870 0349 03       		.byte	3
 871 034a 9A       		.byte	-102
 872 034b 03       		.byte	3
 873 034c A8       		.byte	-88
 874 034d 01       		.byte	1
 875 034e B2       		.byte	-78
 876 034f 03       		.byte	3
 877 0350 D2       		.byte	-46
 878 0351 80       		.byte	-128
 879 0352 D8       		.byte	-40
 880 0353 04       		.byte	4
 881 0354 DB       		.byte	-37
 882 0355 04       		.byte	4
 883 0356 DD       		.byte	-35
 884 0357 10       		.byte	16
 885 0358 DF       		.byte	-33
 886 0359 01       		.byte	1
 887 035a 00       		.byte	0
 888 035b 10       		.byte	16
 889 035c 04       		.byte	4
 890 035d 02       		.byte	2
 891 035e 05       		.byte	5
 892 035f 04       		.byte	4
 893 0360 06       		.byte	6
 894 0361 01       		.byte	1
 895 0362 07       		.byte	7
 896 0363 08       		.byte	8
 897 0364 09       		.byte	9
 898 0365 12       		.byte	18
 899 0366 0D       		.byte	13
 900 0367 0A       		.byte	10
 901 0368 0E       		.byte	14
 902 0369 09       		.byte	9
 903 036a 12       		.byte	18
 904 036b 08       		.byte	8
 905 036c 17       		.byte	23
 906 036d 15       		.byte	21
 907 036e 18       		.byte	24
 908 036f 10       		.byte	16
 909 0370 1C       		.byte	28
 910 0371 40       		.byte	64
 911 0372 1D       		.byte	29
 912 0373 64       		.byte	100
ARM GAS  C:\Users\MARCUS~1\AppData\Local\Temp\ccuTm1cv.s 			page 17


 913 0374 24       		.byte	36
 914 0375 02       		.byte	2
 915 0376 25       		.byte	37
 916 0377 10       		.byte	16
 917 0378 26       		.byte	38
 918 0379 AC       		.byte	-84
 919 037a 27       		.byte	39
 920 037b 08       		.byte	8
 921 037c 2D       		.byte	45
 922 037d 80       		.byte	-128
 923 037e 2E       		.byte	46
 924 037f 01       		.byte	1
 925 0380 36       		.byte	54
 926 0381 A8       		.byte	-88
 927 0382 37       		.byte	55
 928 0383 01       		.byte	1
 929 0384 3D       		.byte	61
 930 0385 02       		.byte	2
 931 0386 3E       		.byte	62
 932 0387 94       		.byte	-108
 933 0388 45       		.byte	69
 934 0389 23       		.byte	35
 935 038a 47       		.byte	71
 936 038b 08       		.byte	8
 937 038c 4D       		.byte	77
 938 038d 4A       		.byte	74
 939 038e 4E       		.byte	78
 940 038f 08       		.byte	8
 941 0390 55       		.byte	85
 942 0391 08       		.byte	8
 943 0392 56       		.byte	86
 944 0393 80       		.byte	-128
 945 0394 57       		.byte	87
 946 0395 10       		.byte	16
 947 0396 67       		.byte	103
 948 0397 80       		.byte	-128
 949 0398 6E       		.byte	110
 950 0399 15       		.byte	21
 951 039a 6F       		.byte	111
 952 039b 15       		.byte	21
 953 039c 73       		.byte	115
 954 039d 40       		.byte	64
 955 039e 75       		.byte	117
 956 039f 80       		.byte	-128
 957 03a0 76       		.byte	118
 958 03a1 01       		.byte	1
 959 03a2 81       		.byte	-127
 960 03a3 04       		.byte	4
 961 03a4 C0       		.byte	-64
 962 03a5 F2       		.byte	-14
 963 03a6 C2       		.byte	-62
 964 03a7 FA       		.byte	-6
 965 03a8 C4       		.byte	-60
 966 03a9 72       		.byte	114
 967 03aa CA       		.byte	-54
 968 03ab 90       		.byte	-112
 969 03ac CC       		.byte	-52
ARM GAS  C:\Users\MARCUS~1\AppData\Local\Temp\ccuTm1cv.s 			page 18


 970 03ad F0       		.byte	-16
 971 03ae CE       		.byte	-50
 972 03af F0       		.byte	-16
 973 03b0 D0       		.byte	-48
 974 03b1 E0       		.byte	-32
 975 03b2 D2       		.byte	-46
 976 03b3 30       		.byte	48
 977 03b4 D8       		.byte	-40
 978 03b5 80       		.byte	-128
 979 03b6 E4       		.byte	-28
 980 03b7 01       		.byte	1
 981 03b8 E6       		.byte	-26
 982 03b9 02       		.byte	2
 983 03ba 02       		.byte	2
 984 03bb 0D       		.byte	13
 985 03bc 16       		.byte	22
 986 03bd 02       		.byte	2
 987 03be 1C       		.byte	28
 988 03bf 01       		.byte	1
 989 03c0 26       		.byte	38
 990 03c1 06       		.byte	6
 991 03c2 30       		.byte	48
 992 03c3 04       		.byte	4
 993 03c4 32       		.byte	50
 994 03c5 01       		.byte	1
 995 03c6 34       		.byte	52
 996 03c7 02       		.byte	2
 997 03c8 36       		.byte	54
 998 03c9 08       		.byte	8
 999 03ca 3E       		.byte	62
 1000 03cb 10       		.byte	16
 1001 03cc 52       		.byte	82
 1002 03cd 80       		.byte	-128
 1003 03ce 54       		.byte	84
 1004 03cf 05       		.byte	5
 1005 03d0 58       		.byte	88
 1006 03d1 04       		.byte	4
 1007 03d2 5B       		.byte	91
 1008 03d3 04       		.byte	4
 1009 03d4 5C       		.byte	92
 1010 03d5 01       		.byte	1
 1011 03d6 5D       		.byte	93
 1012 03d7 10       		.byte	16
 1013 03d8 5F       		.byte	95
 1014 03d9 01       		.byte	1
 1015 03da 85       		.byte	-123
 1016 03db 0C       		.byte	12
 1017 03dc 86       		.byte	-122
 1018 03dd 02       		.byte	2
 1019 03de 89       		.byte	-119
 1020 03df 04       		.byte	4
 1021 03e0 8A       		.byte	-118
 1022 03e1 04       		.byte	4
 1023 03e2 8C       		.byte	-116
 1024 03e3 01       		.byte	1
 1025 03e4 8D       		.byte	-115
 1026 03e5 4F       		.byte	79
ARM GAS  C:\Users\MARCUS~1\AppData\Local\Temp\ccuTm1cv.s 			page 19


 1027 03e6 8F       		.byte	-113
 1028 03e7 B0       		.byte	-80
 1029 03e8 91       		.byte	-111
 1030 03e9 33       		.byte	51
 1031 03ea 95       		.byte	-107
 1032 03eb 22       		.byte	34
 1033 03ec 96       		.byte	-106
 1034 03ed 02       		.byte	2
 1035 03ee 99       		.byte	-103
 1036 03ef F3       		.byte	-13
 1037 03f0 9B       		.byte	-101
 1038 03f1 0C       		.byte	12
 1039 03f2 9D       		.byte	-99
 1040 03f3 08       		.byte	8
 1041 03f4 9E       		.byte	-98
 1042 03f5 04       		.byte	4
 1043 03f6 A1       		.byte	-95
 1044 03f7 11       		.byte	17
 1045 03f8 A4       		.byte	-92
 1046 03f9 01       		.byte	1
 1047 03fa A5       		.byte	-91
 1048 03fb FF       		.byte	-1
 1049 03fc A8       		.byte	-88
 1050 03fd 01       		.byte	1
 1051 03fe A9       		.byte	-87
 1052 03ff 4C       		.byte	76
 1053 0400 AB       		.byte	-85
 1054 0401 B3       		.byte	-77
 1055 0402 AF       		.byte	-81
 1056 0403 33       		.byte	51
 1057 0404 B0       		.byte	-80
 1058 0405 02       		.byte	2
 1059 0406 B1       		.byte	-79
 1060 0407 80       		.byte	-128
 1061 0408 B3       		.byte	-77
 1062 0409 40       		.byte	64
 1063 040a B4       		.byte	-76
 1064 040b 04       		.byte	4
 1065 040c B5       		.byte	-75
 1066 040d 0F       		.byte	15
 1067 040e B6       		.byte	-74
 1068 040f 01       		.byte	1
 1069 0410 B7       		.byte	-73
 1070 0411 30       		.byte	48
 1071 0412 B9       		.byte	-71
 1072 0413 02       		.byte	2
 1073 0414 BA       		.byte	-70
 1074 0415 08       		.byte	8
 1075 0416 BB       		.byte	-69
 1076 0417 20       		.byte	32
 1077 0418 BE       		.byte	-66
 1078 0419 11       		.byte	17
 1079 041a BF       		.byte	-65
 1080 041b 04       		.byte	4
 1081 041c C0       		.byte	-64
 1082 041d 12       		.byte	18
 1083 041e C1       		.byte	-63
ARM GAS  C:\Users\MARCUS~1\AppData\Local\Temp\ccuTm1cv.s 			page 20


 1084 041f 04       		.byte	4
 1085 0420 C6       		.byte	-58
 1086 0421 BE       		.byte	-66
 1087 0422 C7       		.byte	-57
 1088 0423 0C       		.byte	12
 1089 0424 C8       		.byte	-56
 1090 0425 1C       		.byte	28
 1091 0426 C9       		.byte	-55
 1092 0427 FF       		.byte	-1
 1093 0428 CA       		.byte	-54
 1094 0429 FF       		.byte	-1
 1095 042a CB       		.byte	-53
 1096 042b FF       		.byte	-1
 1097 042c CE       		.byte	-50
 1098 042d F0       		.byte	-16
 1099 042e CF       		.byte	-49
 1100 042f 44       		.byte	68
 1101 0430 D0       		.byte	-48
 1102 0431 0C       		.byte	12
 1103 0432 D6       		.byte	-42
 1104 0433 02       		.byte	2
 1105 0434 D7       		.byte	-41
 1106 0435 12       		.byte	18
 1107 0436 D8       		.byte	-40
 1108 0437 04       		.byte	4
 1109 0438 D9       		.byte	-39
 1110 0439 04       		.byte	4
 1111 043a DA       		.byte	-38
 1112 043b 04       		.byte	4
 1113 043c DB       		.byte	-37
 1114 043d 04       		.byte	4
 1115 043e DC       		.byte	-36
 1116 043f 22       		.byte	34
 1117 0440 DD       		.byte	-35
 1118 0441 22       		.byte	34
 1119 0442 DF       		.byte	-33
 1120 0443 01       		.byte	1
 1121 0444 E6       		.byte	-26
 1122 0445 C0       		.byte	-64
 1123 0446 EA       		.byte	-22
 1124 0447 40       		.byte	64
 1125 0448 EB       		.byte	-21
 1126 0449 02       		.byte	2
 1127 044a 00       		.byte	0
 1128 044b 20       		.byte	32
 1129 044c 02       		.byte	2
 1130 044d 20       		.byte	32
 1131 044e 03       		.byte	3
 1132 044f 01       		.byte	1
 1133 0450 06       		.byte	6
 1134 0451 40       		.byte	64
 1135 0452 09       		.byte	9
 1136 0453 40       		.byte	64
 1137 0454 0A       		.byte	10
 1138 0455 10       		.byte	16
 1139 0456 0E       		.byte	14
 1140 0457 02       		.byte	2
ARM GAS  C:\Users\MARCUS~1\AppData\Local\Temp\ccuTm1cv.s 			page 21


 1141 0458 0F       		.byte	15
 1142 0459 20       		.byte	32
 1143 045a 11       		.byte	17
 1144 045b 14       		.byte	20
 1145 045c 15       		.byte	21
 1146 045d 08       		.byte	8
 1147 045e 19       		.byte	25
 1148 045f 84       		.byte	-124
 1149 0460 1A       		.byte	26
 1150 0461 04       		.byte	4
 1151 0462 1B       		.byte	27
 1152 0463 01       		.byte	1
 1153 0464 1C       		.byte	28
 1154 0465 80       		.byte	-128
 1155 0466 1E       		.byte	30
 1156 0467 0A       		.byte	10
 1157 0468 1F       		.byte	31
 1158 0469 08       		.byte	8
 1159 046a 21       		.byte	33
 1160 046b 21       		.byte	33
 1161 046c 22       		.byte	34
 1162 046d 04       		.byte	4
 1163 046e 23       		.byte	35
 1164 046f 02       		.byte	2
 1165 0470 28       		.byte	40
 1166 0471 20       		.byte	32
 1167 0472 29       		.byte	41
 1168 0473 94       		.byte	-108
 1169 0474 2A       		.byte	42
 1170 0475 02       		.byte	2
 1171 0476 30       		.byte	48
 1172 0477 80       		.byte	-128
 1173 0478 31       		.byte	49
 1174 0479 28       		.byte	40
 1175 047a 32       		.byte	50
 1176 047b 02       		.byte	2
 1177 047c 38       		.byte	56
 1178 047d A8       		.byte	-88
 1179 047e 42       		.byte	66
 1180 047f 01       		.byte	1
 1181 0480 43       		.byte	67
 1182 0481 12       		.byte	18
 1183 0482 52       		.byte	82
 1184 0483 18       		.byte	24
 1185 0484 53       		.byte	83
 1186 0485 80       		.byte	-128
 1187 0486 5A       		.byte	90
 1188 0487 08       		.byte	8
 1189 0488 5D       		.byte	93
 1190 0489 01       		.byte	1
 1191 048a 5E       		.byte	94
 1192 048b 08       		.byte	8
 1193 048c 5F       		.byte	95
 1194 048d 40       		.byte	64
 1195 048e 69       		.byte	105
 1196 048f 14       		.byte	20
 1197 0490 6B       		.byte	107
ARM GAS  C:\Users\MARCUS~1\AppData\Local\Temp\ccuTm1cv.s 			page 22


 1198 0491 01       		.byte	1
 1199 0492 70       		.byte	112
 1200 0493 94       		.byte	-108
 1201 0494 73       		.byte	115
 1202 0495 28       		.byte	40
 1203 0496 76       		.byte	118
 1204 0497 80       		.byte	-128
 1205 0498 8B       		.byte	-117
 1206 0499 48       		.byte	72
 1207 049a 90       		.byte	-112
 1208 049b 44       		.byte	68
 1209 049c 91       		.byte	-111
 1210 049d 09       		.byte	9
 1211 049e 92       		.byte	-110
 1212 049f 01       		.byte	1
 1213 04a0 95       		.byte	-107
 1214 04a1 02       		.byte	2
 1215 04a2 96       		.byte	-106
 1216 04a3 04       		.byte	4
 1217 04a4 9A       		.byte	-102
 1218 04a5 40       		.byte	64
 1219 04a6 9B       		.byte	-101
 1220 04a7 10       		.byte	16
 1221 04a8 9E       		.byte	-98
 1222 04a9 9C       		.byte	-100
 1223 04aa A0       		.byte	-96
 1224 04ab 10       		.byte	16
 1225 04ac A1       		.byte	-95
 1226 04ad 40       		.byte	64
 1227 04ae A3       		.byte	-93
 1228 04af 12       		.byte	18
 1229 04b0 A6       		.byte	-90
 1230 04b1 08       		.byte	8
 1231 04b2 A7       		.byte	-89
 1232 04b3 80       		.byte	-128
 1233 04b4 B5       		.byte	-75
 1234 04b5 20       		.byte	32
 1235 04b6 C0       		.byte	-64
 1236 04b7 17       		.byte	23
 1237 04b8 C2       		.byte	-62
 1238 04b9 A5       		.byte	-91
 1239 04ba C4       		.byte	-60
 1240 04bb 26       		.byte	38
 1241 04bc CA       		.byte	-54
 1242 04bd 0F       		.byte	15
 1243 04be CC       		.byte	-52
 1244 04bf 0F       		.byte	15
 1245 04c0 CE       		.byte	-50
 1246 04c1 0E       		.byte	14
 1247 04c2 D0       		.byte	-48
 1248 04c3 0D       		.byte	13
 1249 04c4 D6       		.byte	-42
 1250 04c5 D2       		.byte	-46
 1251 04c6 01       		.byte	1
 1252 04c7 21       		.byte	33
 1253 04c8 02       		.byte	2
 1254 04c9 63       		.byte	99
ARM GAS  C:\Users\MARCUS~1\AppData\Local\Temp\ccuTm1cv.s 			page 23


 1255 04ca 03       		.byte	3
 1256 04cb 9A       		.byte	-102
 1257 04cc 04       		.byte	4
 1258 04cd 5C       		.byte	92
 1259 04ce 05       		.byte	5
 1260 04cf 73       		.byte	115
 1261 04d0 06       		.byte	6
 1262 04d1 22       		.byte	34
 1263 04d2 08       		.byte	8
 1264 04d3 7F       		.byte	127
 1265 04d4 09       		.byte	9
 1266 04d5 73       		.byte	115
 1267 04d6 0C       		.byte	12
 1268 04d7 1C       		.byte	28
 1269 04d8 0E       		.byte	14
 1270 04d9 61       		.byte	97
 1271 04da 11       		.byte	17
 1272 04db 10       		.byte	16
 1273 04dc 13       		.byte	19
 1274 04dd 64       		.byte	100
 1275 04de 14       		.byte	20
 1276 04df 67       		.byte	103
 1277 04e0 15       		.byte	21
 1278 04e1 42       		.byte	66
 1279 04e2 16       		.byte	22
 1280 04e3 18       		.byte	24
 1281 04e4 17       		.byte	23
 1282 04e5 19       		.byte	25
 1283 04e6 1A       		.byte	26
 1284 04e7 04       		.byte	4
 1285 04e8 20       		.byte	32
 1286 04e9 10       		.byte	16
 1287 04ea 24       		.byte	36
 1288 04eb 08       		.byte	8
 1289 04ec 28       		.byte	40
 1290 04ed 18       		.byte	24
 1291 04ee 2C       		.byte	44
 1292 04ef 04       		.byte	4
 1293 04f0 30       		.byte	48
 1294 04f1 38       		.byte	56
 1295 04f2 31       		.byte	49
 1296 04f3 70       		.byte	112
 1297 04f4 32       		.byte	50
 1298 04f5 58       		.byte	88
 1299 04f6 33       		.byte	51
 1300 04f7 03       		.byte	3
 1301 04f8 34       		.byte	52
 1302 04f9 1F       		.byte	31
 1303 04fa 35       		.byte	53
 1304 04fb 80       		.byte	-128
 1305 04fc 37       		.byte	55
 1306 04fd 0C       		.byte	12
 1307 04fe 3A       		.byte	58
 1308 04ff 22       		.byte	34
 1309 0500 3F       		.byte	63
 1310 0501 40       		.byte	64
 1311 0502 40       		.byte	64
ARM GAS  C:\Users\MARCUS~1\AppData\Local\Temp\ccuTm1cv.s 			page 24


 1312 0503 25       		.byte	37
 1313 0504 41       		.byte	65
 1314 0505 03       		.byte	3
 1315 0506 42       		.byte	66
 1316 0507 06       		.byte	6
 1317 0508 44       		.byte	68
 1318 0509 01       		.byte	1
 1319 050a 45       		.byte	69
 1320 050b 0C       		.byte	12
 1321 050c 47       		.byte	71
 1322 050d 0E       		.byte	14
 1323 050e 48       		.byte	72
 1324 050f 11       		.byte	17
 1325 0510 49       		.byte	73
 1326 0511 FF       		.byte	-1
 1327 0512 4A       		.byte	74
 1328 0513 FF       		.byte	-1
 1329 0514 4B       		.byte	75
 1330 0515 FF       		.byte	-1
 1331 0516 4C       		.byte	76
 1332 0517 62       		.byte	98
 1333 0518 4D       		.byte	77
 1334 0519 A0       		.byte	-96
 1335 051a 4E       		.byte	78
 1336 051b F0       		.byte	-16
 1337 051c 4F       		.byte	79
 1338 051d 41       		.byte	65
 1339 051e 50       		.byte	80
 1340 051f 0C       		.byte	12
 1341 0520 54       		.byte	84
 1342 0521 18       		.byte	24
 1343 0522 56       		.byte	86
 1344 0523 04       		.byte	4
 1345 0524 58       		.byte	88
 1346 0525 04       		.byte	4
 1347 0526 59       		.byte	89
 1348 0527 04       		.byte	4
 1349 0528 5A       		.byte	90
 1350 0529 04       		.byte	4
 1351 052a 5B       		.byte	91
 1352 052b 04       		.byte	4
 1353 052c 5C       		.byte	92
 1354 052d 22       		.byte	34
 1355 052e 5D       		.byte	93
 1356 052f 22       		.byte	34
 1357 0530 5F       		.byte	95
 1358 0531 01       		.byte	1
 1359 0532 66       		.byte	102
 1360 0533 40       		.byte	64
 1361 0534 67       		.byte	103
 1362 0535 02       		.byte	2
 1363 0536 69       		.byte	105
 1364 0537 10       		.byte	16
 1365 0538 6A       		.byte	106
 1366 0539 30       		.byte	48
 1367 053a 6B       		.byte	107
 1368 053b 10       		.byte	16
ARM GAS  C:\Users\MARCUS~1\AppData\Local\Temp\ccuTm1cv.s 			page 25


 1369 053c 6D       		.byte	109
 1370 053d 10       		.byte	16
 1371 053e 6E       		.byte	110
 1372 053f 10       		.byte	16
 1373 0540 6F       		.byte	111
 1374 0541 12       		.byte	18
 1375 0542 8A       		.byte	-118
 1376 0543 01       		.byte	1
 1377 0544 93       		.byte	-109
 1378 0545 01       		.byte	1
 1379 0546 A2       		.byte	-94
 1380 0547 02       		.byte	2
 1381 0548 AE       		.byte	-82
 1382 0549 03       		.byte	3
 1383 054a B0       		.byte	-80
 1384 054b 01       		.byte	1
 1385 054c B1       		.byte	-79
 1386 054d 01       		.byte	1
 1387 054e B4       		.byte	-76
 1388 054f 02       		.byte	2
 1389 0550 BE       		.byte	-66
 1390 0551 10       		.byte	16
 1391 0552 C0       		.byte	-64
 1392 0553 10       		.byte	16
 1393 0554 C1       		.byte	-63
 1394 0555 04       		.byte	4
 1395 0556 C5       		.byte	-59
 1396 0557 D0       		.byte	-48
 1397 0558 C6       		.byte	-58
 1398 0559 02       		.byte	2
 1399 055a C7       		.byte	-57
 1400 055b 01       		.byte	1
 1401 055c C8       		.byte	-56
 1402 055d 16       		.byte	22
 1403 055e C9       		.byte	-55
 1404 055f FF       		.byte	-1
 1405 0560 CA       		.byte	-54
 1406 0561 FF       		.byte	-1
 1407 0562 CB       		.byte	-53
 1408 0563 FF       		.byte	-1
 1409 0564 CD       		.byte	-51
 1410 0565 A0       		.byte	-96
 1411 0566 CF       		.byte	-49
 1412 0567 04       		.byte	4
 1413 0568 D0       		.byte	-48
 1414 0569 18       		.byte	24
 1415 056a D2       		.byte	-46
 1416 056b 80       		.byte	-128
 1417 056c D4       		.byte	-44
 1418 056d 05       		.byte	5
 1419 056e D8       		.byte	-40
 1420 056f 04       		.byte	4
 1421 0570 D9       		.byte	-39
 1422 0571 04       		.byte	4
 1423 0572 DA       		.byte	-38
 1424 0573 04       		.byte	4
 1425 0574 DB       		.byte	-37
ARM GAS  C:\Users\MARCUS~1\AppData\Local\Temp\ccuTm1cv.s 			page 26


 1426 0575 04       		.byte	4
 1427 0576 DC       		.byte	-36
 1428 0577 11       		.byte	17
 1429 0578 DD       		.byte	-35
 1430 0579 11       		.byte	17
 1431 057a DF       		.byte	-33
 1432 057b 01       		.byte	1
 1433 057c E0       		.byte	-32
 1434 057d 40       		.byte	64
 1435 057e E2       		.byte	-30
 1436 057f C0       		.byte	-64
 1437 0580 E4       		.byte	-28
 1438 0581 40       		.byte	64
 1439 0582 E5       		.byte	-27
 1440 0583 40       		.byte	64
 1441 0584 E6       		.byte	-26
 1442 0585 C0       		.byte	-64
 1443 0586 E8       		.byte	-24
 1444 0587 C0       		.byte	-64
 1445 0588 EA       		.byte	-22
 1446 0589 C0       		.byte	-64
 1447 058a EC       		.byte	-20
 1448 058b C0       		.byte	-64
 1449 058c EE       		.byte	-18
 1450 058d C0       		.byte	-64
 1451 058e 00       		.byte	0
 1452 058f 02       		.byte	2
 1453 0590 03       		.byte	3
 1454 0591 26       		.byte	38
 1455 0592 06       		.byte	6
 1456 0593 08       		.byte	8
 1457 0594 08       		.byte	8
 1458 0595 08       		.byte	8
 1459 0596 0B       		.byte	11
 1460 0597 04       		.byte	4
 1461 0598 10       		.byte	16
 1462 0599 80       		.byte	-128
 1463 059a 11       		.byte	17
 1464 059b 40       		.byte	64
 1465 059c 13       		.byte	19
 1466 059d 28       		.byte	40
 1467 059e 16       		.byte	22
 1468 059f 80       		.byte	-128
 1469 05a0 17       		.byte	23
 1470 05a1 40       		.byte	64
 1471 05a2 18       		.byte	24
 1472 05a3 80       		.byte	-128
 1473 05a4 19       		.byte	25
 1474 05a5 10       		.byte	16
 1475 05a6 1A       		.byte	26
 1476 05a7 10       		.byte	16
 1477 05a8 1B       		.byte	27
 1478 05a9 22       		.byte	34
 1479 05aa 1C       		.byte	28
 1480 05ab 80       		.byte	-128
 1481 05ac 1E       		.byte	30
 1482 05ad 08       		.byte	8
ARM GAS  C:\Users\MARCUS~1\AppData\Local\Temp\ccuTm1cv.s 			page 27


 1483 05ae 20       		.byte	32
 1484 05af 01       		.byte	1
 1485 05b0 21       		.byte	33
 1486 05b1 08       		.byte	8
 1487 05b2 22       		.byte	34
 1488 05b3 02       		.byte	2
 1489 05b4 23       		.byte	35
 1490 05b5 04       		.byte	4
 1491 05b6 27       		.byte	39
 1492 05b7 40       		.byte	64
 1493 05b8 31       		.byte	49
 1494 05b9 08       		.byte	8
 1495 05ba 32       		.byte	50
 1496 05bb 02       		.byte	2
 1497 05bc 35       		.byte	53
 1498 05bd 01       		.byte	1
 1499 05be 38       		.byte	56
 1500 05bf 02       		.byte	2
 1501 05c0 39       		.byte	57
 1502 05c1 14       		.byte	20
 1503 05c2 40       		.byte	64
 1504 05c3 29       		.byte	41
 1505 05c4 41       		.byte	65
 1506 05c5 20       		.byte	32
 1507 05c6 43       		.byte	67
 1508 05c7 04       		.byte	4
 1509 05c8 46       		.byte	70
 1510 05c9 80       		.byte	-128
 1511 05ca 47       		.byte	71
 1512 05cb 40       		.byte	64
 1513 05cc 48       		.byte	72
 1514 05cd 01       		.byte	1
 1515 05ce 49       		.byte	73
 1516 05cf A0       		.byte	-96
 1517 05d0 4A       		.byte	74
 1518 05d1 20       		.byte	32
 1519 05d2 4F       		.byte	79
 1520 05d3 01       		.byte	1
 1521 05d4 52       		.byte	82
 1522 05d5 04       		.byte	4
 1523 05d6 56       		.byte	86
 1524 05d7 88       		.byte	-120
 1525 05d8 59       		.byte	89
 1526 05d9 20       		.byte	32
 1527 05da 5A       		.byte	90
 1528 05db 10       		.byte	16
 1529 05dc 5B       		.byte	91
 1530 05dd 02       		.byte	2
 1531 05de 5C       		.byte	92
 1532 05df 40       		.byte	64
 1533 05e0 5E       		.byte	94
 1534 05e1 08       		.byte	8
 1535 05e2 5F       		.byte	95
 1536 05e3 01       		.byte	1
 1537 05e4 60       		.byte	96
 1538 05e5 04       		.byte	4
 1539 05e6 63       		.byte	99
ARM GAS  C:\Users\MARCUS~1\AppData\Local\Temp\ccuTm1cv.s 			page 28


 1540 05e7 42       		.byte	66
 1541 05e8 75       		.byte	117
 1542 05e9 01       		.byte	1
 1543 05ea 87       		.byte	-121
 1544 05eb 40       		.byte	64
 1545 05ec 88       		.byte	-120
 1546 05ed 40       		.byte	64
 1547 05ee 8C       		.byte	-116
 1548 05ef 01       		.byte	1
 1549 05f0 8D       		.byte	-115
 1550 05f1 40       		.byte	64
 1551 05f2 8E       		.byte	-114
 1552 05f3 02       		.byte	2
 1553 05f4 90       		.byte	-112
 1554 05f5 44       		.byte	68
 1555 05f6 91       		.byte	-111
 1556 05f7 14       		.byte	20
 1557 05f8 94       		.byte	-108
 1558 05f9 80       		.byte	-128
 1559 05fa 96       		.byte	-106
 1560 05fb 10       		.byte	16
 1561 05fc 98       		.byte	-104
 1562 05fd 20       		.byte	32
 1563 05fe 99       		.byte	-103
 1564 05ff 80       		.byte	-128
 1565 0600 9B       		.byte	-101
 1566 0601 2A       		.byte	42
 1567 0602 9D       		.byte	-99
 1568 0603 10       		.byte	16
 1569 0604 9E       		.byte	-98
 1570 0605 0E       		.byte	14
 1571 0606 A0       		.byte	-96
 1572 0607 80       		.byte	-128
 1573 0608 A1       		.byte	-95
 1574 0609 20       		.byte	32
 1575 060a A3       		.byte	-93
 1576 060b 01       		.byte	1
 1577 060c A5       		.byte	-91
 1578 060d 08       		.byte	8
 1579 060e A6       		.byte	-90
 1580 060f 22       		.byte	34
 1581 0610 B0       		.byte	-80
 1582 0611 40       		.byte	64
 1583 0612 C0       		.byte	-64
 1584 0613 4F       		.byte	79
 1585 0614 C2       		.byte	-62
 1586 0615 06       		.byte	6
 1587 0616 C4       		.byte	-60
 1588 0617 9F       		.byte	-97
 1589 0618 CC       		.byte	-52
 1590 0619 83       		.byte	-125
 1591 061a CE       		.byte	-50
 1592 061b 07       		.byte	7
 1593 061c D0       		.byte	-48
 1594 061d 9E       		.byte	-98
 1595 061e D2       		.byte	-46
 1596 061f 0C       		.byte	12
ARM GAS  C:\Users\MARCUS~1\AppData\Local\Temp\ccuTm1cv.s 			page 29


 1597 0620 D6       		.byte	-42
 1598 0621 D1       		.byte	-47
 1599 0622 D8       		.byte	-40
 1600 0623 0D       		.byte	13
 1601 0624 32       		.byte	50
 1602 0625 20       		.byte	32
 1603 0626 CC       		.byte	-52
 1604 0627 10       		.byte	16
 1605 0628 01       		.byte	1
 1606 0629 08       		.byte	8
 1607 062a A6       		.byte	-90
 1608 062b 20       		.byte	32
 1609 062c C0       		.byte	-64
 1610 062d 10       		.byte	16
 1611 062e A6       		.byte	-90
 1612 062f 20       		.byte	32
 1613 0630 A9       		.byte	-87
 1614 0631 08       		.byte	8
 1615 0632 EC       		.byte	-20
 1616 0633 20       		.byte	32
 1617 0634 6B       		.byte	107
 1618 0635 80       		.byte	-128
 1619 0636 83       		.byte	-125
 1620 0637 80       		.byte	-128
 1621 0638 A6       		.byte	-90
 1622 0639 20       		.byte	32
 1623 063a DC       		.byte	-36
 1624 063b 20       		.byte	32
 1625 063c E2       		.byte	-30
 1626 063d 80       		.byte	-128
 1627 063e 57       		.byte	87
 1628 063f 10       		.byte	16
 1629 0640 5A       		.byte	90
 1630 0641 80       		.byte	-128
 1631 0642 83       		.byte	-125
 1632 0643 10       		.byte	16
 1633 0644 D4       		.byte	-44
 1634 0645 03       		.byte	3
 1635 0646 B6       		.byte	-74
 1636 0647 40       		.byte	64
 1637 0648 E8       		.byte	-24
 1638 0649 08       		.byte	8
 1639 064a 8B       		.byte	-117
 1640 064b 40       		.byte	64
 1641 064c E0       		.byte	-32
 1642 064d 04       		.byte	4
 1643 064e A6       		.byte	-90
 1644 064f 20       		.byte	32
 1645 0650 86       		.byte	-122
 1646 0651 20       		.byte	32
 1647 0652 A6       		.byte	-90
 1648 0653 20       		.byte	32
 1649 0654 E6       		.byte	-26
 1650 0655 40       		.byte	64
 1651 0656 58       		.byte	88
 1652 0657 01       		.byte	1
 1653 0658 62       		.byte	98
ARM GAS  C:\Users\MARCUS~1\AppData\Local\Temp\ccuTm1cv.s 			page 30


 1654 0659 02       		.byte	2
 1655 065a 66       		.byte	102
 1656 065b 01       		.byte	1
 1657 065c 93       		.byte	-109
 1658 065d 40       		.byte	64
 1659 065e 9A       		.byte	-102
 1660 065f 01       		.byte	1
 1661 0660 B6       		.byte	-74
 1662 0661 01       		.byte	1
 1663 0662 D6       		.byte	-42
 1664 0663 02       		.byte	2
 1665 0664 D8       		.byte	-40
 1666 0665 03       		.byte	3
 1667 0666 EC       		.byte	-20
 1668 0667 02       		.byte	2
 1669 0668 12       		.byte	18
 1670 0669 80       		.byte	-128
 1671 066a 73       		.byte	115
 1672 066b 40       		.byte	64
 1673 066c 8A       		.byte	-118
 1674 066d 02       		.byte	2
 1675 066e 8E       		.byte	-114
 1676 066f 80       		.byte	-128
 1677 0670 93       		.byte	-109
 1678 0671 40       		.byte	64
 1679 0672 A6       		.byte	-90
 1680 0673 02       		.byte	2
 1681 0674 B0       		.byte	-80
 1682 0675 01       		.byte	1
 1683 0676 C4       		.byte	-60
 1684 0677 08       		.byte	8
 1685 0678 DC       		.byte	-36
 1686 0679 01       		.byte	1
 1687 067a E2       		.byte	-30
 1688 067b 02       		.byte	2
 1689 067c E4       		.byte	-28
 1690 067d 04       		.byte	4
 1691 067e EC       		.byte	-20
 1692 067f 04       		.byte	4
 1693 0680 00       		.byte	0
 1694 0681 07       		.byte	7
 1695 0682 0C       		.byte	12
 1696 0683 07       		.byte	7
 1697 0684 0E       		.byte	14
 1698 0685 03       		.byte	3
 1699 0686 10       		.byte	16
 1700 0687 06       		.byte	6
 1701 0688 1C       		.byte	28
 1702 0689 06       		.byte	6
 1703 068a 00       		.byte	0
 1704 068b 03       		.byte	3
 1705 068c 04       		.byte	4
 1706 068d FC       		.byte	-4
 1707 068e 00       		.byte	0
 1708 068f 03       		.byte	3
 1709 0690 01       		.byte	1
 1710 0691 98       		.byte	-104
ARM GAS  C:\Users\MARCUS~1\AppData\Local\Temp\ccuTm1cv.s 			page 31


 1711 0692 00       		.byte	0
 1712 0693 02       		.byte	2
 1713 0694 0A       		.byte	10
 1714 0695 02       		.byte	2
 1715 0696 10       		.byte	16
 1716 0697 98       		.byte	-104
 1717 0698 84       		.byte	-124
 1718 0699 02       		.byte	2
 1719 069a 00       		.byte	0
 1720 069b 00       		.byte	0
 1721 069c 56       		.byte	86
 1722 069d 98       		.byte	-104
 1723 069e 09       		.byte	9
 1724 069f 02       		.byte	2
 1725 06a0 60       		.byte	96
 1726 06a1 13       		.byte	19
 1727 06a2 00       		.byte	0
 1728 06a3 64       		.byte	100
 1729 06a4 07       		.byte	7
 1730 06a5 21       		.byte	33
 1731 06a6 38       		.byte	56
 1732 06a7 D8       		.byte	-40
 1733 06a8 84       		.byte	-124
 1734 06a9 38       		.byte	56
 1735 06aa 00       		.byte	0
 1736 06ab C0       		.byte	-64
 1737 06ac 04       		.byte	4
 1738 06ad 9A       		.byte	-102
 1739 06ae 80       		.byte	-128
 1740 06af 00       		.byte	0
 1741 06b0 80       		.byte	-128
 1742 06b1 00       		.byte	0
 1743 06b2 04       		.byte	4
 1744 06b3 00       		.byte	0
 1745 06b4 84       		.byte	-124
 1746 06b5 00       		.byte	0
 1747 06b6 00       		.byte	0
 1748 06b7 00       		.byte	0
 1749 06b8 00       		.byte	0
 1750 06b9 9A       		.byte	-102
 1751 06ba 00       		.byte	0
 1752 06bb 00       		.byte	0
 1753 06bc 08       		.byte	8
 1754 06bd 00       		.byte	0
 1755 06be 7F       		.byte	127
 1756 06bf 13       		.byte	19
 1757 06c0 80       		.byte	-128
 1758 06c1 0F       		.byte	15
 1759 06c2 02       		.byte	2
 1760 06c3 E0       		.byte	-32
 1761 06c4 08       		.byte	8
 1762 06c5 00       		.byte	0
 1763 06c6 00       		.byte	0
 1764 06c7 A0       		.byte	-96
 1765 06c8 00       		.byte	0
 1766 06c9 00       		.byte	0
 1767 06ca 51       		.byte	81
ARM GAS  C:\Users\MARCUS~1\AppData\Local\Temp\ccuTm1cv.s 			page 32


 1768 06cb 00       		.byte	0
 1769 06cc 34       		.byte	52
 1770 06cd 06       		.byte	6
 1771 06ce 20       		.byte	32
 1772 06cf 00       		.byte	0
 1773 06d0 05       		.byte	5
 1774 06d1 FE       		.byte	-2
 1775 06d2 DC       		.byte	-36
 1776 06d3 0B       		.byte	11
 1777 06d4 1F       		.byte	31
 1778 06d5 FF       		.byte	-1
 1779 06d6 FF       		.byte	-1
 1780 06d7 FF       		.byte	-1
 1781 06d8 22       		.byte	34
 1782 06d9 00       		.byte	0
 1783 06da F0       		.byte	-16
 1784 06db 08       		.byte	8
 1785 06dc 04       		.byte	4
 1786 06dd 00       		.byte	0
 1787 06de 00       		.byte	0
 1788 06df 00       		.byte	0
 1789 06e0 00       		.byte	0
 1790 06e1 00       		.byte	0
 1791 06e2 02       		.byte	2
 1792 06e3 2C       		.byte	44
 1793 06e4 04       		.byte	4
 1794 06e5 04       		.byte	4
 1795 06e6 04       		.byte	4
 1796 06e7 04       		.byte	4
 1797 06e8 00       		.byte	0
 1798 06e9 00       		.byte	0
 1799 06ea 00       		.byte	0
 1800 06eb 01       		.byte	1
 1801 06ec 00       		.byte	0
 1802 06ed 00       		.byte	0
 1803 06ee C0       		.byte	-64
 1804 06ef 00       		.byte	0
 1805 06f0 40       		.byte	64
 1806 06f1 01       		.byte	1
 1807 06f2 10       		.byte	16
 1808 06f3 11       		.byte	17
 1809 06f4 C0       		.byte	-64
 1810 06f5 01       		.byte	1
 1811 06f6 00       		.byte	0
 1812 06f7 11       		.byte	17
 1813 06f8 40       		.byte	64
 1814 06f9 01       		.byte	1
 1815 06fa 40       		.byte	64
 1816 06fb 01       		.byte	1
 1817 06fc 00       		.byte	0
 1818 06fd 00       		.byte	0
 1819 06fe 00       		.byte	0
 1820 06ff 00       		.byte	0
 1821 0700 00       		.byte	0
 1822 0701 00       		.byte	0
 1823 0702 00       		.byte	0
 1824 0703 00       		.byte	0
ARM GAS  C:\Users\MARCUS~1\AppData\Local\Temp\ccuTm1cv.s 			page 33


 1825 0704 00       		.byte	0
 1826 0705 00       		.byte	0
 1827 0706 00       		.byte	0
 1828 0707 00       		.byte	0
 1829 0708 00       		.byte	0
 1830 0709 00       		.byte	0
 1831 070a 00       		.byte	0
 1832 070b 00       		.byte	0
 1833 070c 01       		.byte	1
 1834 070d 00       		.byte	0
 1835 070e 00       		.byte	0
 1836 070f 00       		.byte	0
 1837 0710 00       		.byte	0
 1838 0711 00       		.byte	0
 1839 0712 00       		.byte	0
 1840 0713 00       		.byte	0
 1841 0714 80       		.byte	-128
 1842 0715 00       		.byte	0
 1843 0716 40       		.byte	64
 1844 0717 80       		.byte	-128
 1845 0718 80       		.byte	-128
 1846 0719 00       		.byte	0
 1847 071a 80       		.byte	-128
 1848 071b 00       		.byte	0
 1849 071c 00       		.byte	0
 1850 071d 00       		.byte	0
 1851 071e 00       		.byte	0
 1852 071f 00       		.byte	0
 1853 0720 00       		.byte	0
 1854 0721 7B       		.byte	123
 1855 0722 7B       		.byte	123
 1856 0723 00       		.byte	0
 1857 0724 70       		.byte	112
 1858 0725 00       		.byte	0
 1859 0726 00       		.byte	0
 1860 0727 00       		.byte	0
 1861 0728 00       		.byte	0
 1862 0729 0F       		.byte	15
 1863 072a 0F       		.byte	15
 1864 072b 00       		.byte	0
 1865 072c 05       		.byte	5
 1866 072d 00       		.byte	0
 1867 072e 00       		.byte	0
 1868 072f 00       		.byte	0
 1869              		.section	.cywolatch,"a",%progbits
 1870              		.align	2
 1871              		.type	cy_meta_wonvl, %object
 1872              		.size	cy_meta_wonvl, 4
 1873              	cy_meta_wonvl:
 1874 0000 BC       		.byte	-68
 1875 0001 90       		.byte	-112
 1876 0002 AC       		.byte	-84
 1877 0003 AF       		.byte	-81
 1878              		.section	.cycustnvl,"a",%progbits
 1879              		.align	2
 1880              		.type	cy_meta_custnvl, %object
 1881              		.size	cy_meta_custnvl, 4
ARM GAS  C:\Users\MARCUS~1\AppData\Local\Temp\ccuTm1cv.s 			page 34


 1882              	cy_meta_custnvl:
 1883 0000 00       		.byte	0
 1884 0001 00       		.byte	0
 1885 0002 40       		.byte	64
 1886 0003 05       		.byte	5
 1887              		.section	.cymeta,"a",%progbits
 1888              		.align	2
 1889              		.type	cy_metadata, %object
 1890              		.size	cy_metadata, 12
 1891              	cy_metadata:
 1892 0000 00       		.byte	0
 1893 0001 01       		.byte	1
 1894 0002 2E       		.byte	46
 1895 0003 16       		.byte	22
 1896 0004 10       		.byte	16
 1897 0005 69       		.byte	105
 1898 0006 00       		.byte	0
 1899 0007 01       		.byte	1
 1900 0008 00       		.byte	0
 1901 0009 00       		.byte	0
 1902 000a 00       		.byte	0
 1903 000b 00       		.byte	0
 1904              		.section	.cyflashprotect,"a",%progbits
 1905              		.align	2
 1906              		.type	cy_meta_flashprotect, %object
 1907              		.size	cy_meta_flashprotect, 256
 1908              	cy_meta_flashprotect:
 1909 0000 00000000 		.space	256
 1909      00000000 
 1909      00000000 
 1909      00000000 
 1909      00000000 
 1910              		.text
 1911              	.Letext0:
 1912              		.file 1 "f:\\marcus\\software\\psoc creator\\4.2\\psoc creator\\import\\gnu\\arm\\5.4.1\\arm-none-
 1913              		.file 2 "f:\\marcus\\software\\psoc creator\\4.2\\psoc creator\\import\\gnu\\arm\\5.4.1\\arm-none-
 1914              		.file 3 "Generated_Source\\PSoC5\\cymetadata.c"
 1915              		.section	.debug_info,"",%progbits
 1916              	.Ldebug_info0:
 1917 0000 35010000 		.4byte	0x135
 1918 0004 0400     		.2byte	0x4
 1919 0006 00000000 		.4byte	.Ldebug_abbrev0
 1920 000a 04       		.byte	0x4
 1921 000b 01       		.uleb128 0x1
 1922 000c 24000000 		.4byte	.LASF17
 1923 0010 0C       		.byte	0xc
 1924 0011 F1010000 		.4byte	.LASF18
 1925 0015 F9000000 		.4byte	.LASF19
 1926 0019 00000000 		.4byte	.Ldebug_line0
 1927 001d 02       		.uleb128 0x2
 1928 001e 01       		.byte	0x1
 1929 001f 06       		.byte	0x6
 1930 0020 E5010000 		.4byte	.LASF0
 1931 0024 03       		.uleb128 0x3
 1932 0025 00000000 		.4byte	.LASF9
 1933 0029 01       		.byte	0x1
 1934 002a 1D       		.byte	0x1d
ARM GAS  C:\Users\MARCUS~1\AppData\Local\Temp\ccuTm1cv.s 			page 35


 1935 002b 2F000000 		.4byte	0x2f
 1936 002f 02       		.uleb128 0x2
 1937 0030 01       		.byte	0x1
 1938 0031 08       		.byte	0x8
 1939 0032 16000000 		.4byte	.LASF1
 1940 0036 02       		.uleb128 0x2
 1941 0037 02       		.byte	0x2
 1942 0038 05       		.byte	0x5
 1943 0039 D2010000 		.4byte	.LASF2
 1944 003d 02       		.uleb128 0x2
 1945 003e 02       		.byte	0x2
 1946 003f 07       		.byte	0x7
 1947 0040 C4000000 		.4byte	.LASF3
 1948 0044 02       		.uleb128 0x2
 1949 0045 04       		.byte	0x4
 1950 0046 05       		.byte	0x5
 1951 0047 DC010000 		.4byte	.LASF4
 1952 004b 02       		.uleb128 0x2
 1953 004c 04       		.byte	0x4
 1954 004d 07       		.byte	0x7
 1955 004e B2000000 		.4byte	.LASF5
 1956 0052 02       		.uleb128 0x2
 1957 0053 08       		.byte	0x8
 1958 0054 05       		.byte	0x5
 1959 0055 C4010000 		.4byte	.LASF6
 1960 0059 02       		.uleb128 0x2
 1961 005a 08       		.byte	0x8
 1962 005b 07       		.byte	0x7
 1963 005c 79010000 		.4byte	.LASF7
 1964 0060 04       		.uleb128 0x4
 1965 0061 04       		.byte	0x4
 1966 0062 05       		.byte	0x5
 1967 0063 696E7400 		.ascii	"int\000"
 1968 0067 02       		.uleb128 0x2
 1969 0068 04       		.byte	0x4
 1970 0069 07       		.byte	0x7
 1971 006a 6C010000 		.4byte	.LASF8
 1972 006e 03       		.uleb128 0x3
 1973 006f 90010000 		.4byte	.LASF10
 1974 0073 02       		.byte	0x2
 1975 0074 18       		.byte	0x18
 1976 0075 24000000 		.4byte	0x24
 1977 0079 05       		.uleb128 0x5
 1978 007a 91000000 		.4byte	0x91
 1979 007e 8A000000 		.4byte	0x8a
 1980 0082 06       		.uleb128 0x6
 1981 0083 8A000000 		.4byte	0x8a
 1982 0087 2F07     		.2byte	0x72f
 1983 0089 00       		.byte	0
 1984 008a 02       		.uleb128 0x2
 1985 008b 04       		.byte	0x4
 1986 008c 07       		.byte	0x7
 1987 008d BB010000 		.4byte	.LASF11
 1988 0091 07       		.uleb128 0x7
 1989 0092 6E000000 		.4byte	0x6e
 1990 0096 08       		.uleb128 0x8
 1991 0097 E7000000 		.4byte	.LASF12
ARM GAS  C:\Users\MARCUS~1\AppData\Local\Temp\ccuTm1cv.s 			page 36


 1992 009b 03       		.byte	0x3
 1993 009c 1F       		.byte	0x1f
 1994 009d A7000000 		.4byte	0xa7
 1995 00a1 05       		.uleb128 0x5
 1996 00a2 03       		.byte	0x3
 1997 00a3 00000000 		.4byte	cy_meta_configecc
 1998 00a7 07       		.uleb128 0x7
 1999 00a8 79000000 		.4byte	0x79
 2000 00ac 05       		.uleb128 0x5
 2001 00ad 91000000 		.4byte	0x91
 2002 00b1 BC000000 		.4byte	0xbc
 2003 00b5 09       		.uleb128 0x9
 2004 00b6 8A000000 		.4byte	0x8a
 2005 00ba 03       		.byte	0x3
 2006 00bb 00       		.byte	0
 2007 00bc 0A       		.uleb128 0xa
 2008 00bd D7000000 		.4byte	.LASF13
 2009 00c1 03       		.byte	0x3
 2010 00c2 1201     		.2byte	0x112
 2011 00c4 CE000000 		.4byte	0xce
 2012 00c8 05       		.uleb128 0x5
 2013 00c9 03       		.byte	0x3
 2014 00ca 00000000 		.4byte	cy_meta_custnvl
 2015 00ce 07       		.uleb128 0x7
 2016 00cf AC000000 		.4byte	0xac
 2017 00d3 0A       		.uleb128 0xa
 2018 00d4 AD010000 		.4byte	.LASF14
 2019 00d8 03       		.byte	0x3
 2020 00d9 2001     		.2byte	0x120
 2021 00db E5000000 		.4byte	0xe5
 2022 00df 05       		.uleb128 0x5
 2023 00e0 03       		.byte	0x3
 2024 00e1 00000000 		.4byte	cy_meta_wonvl
 2025 00e5 07       		.uleb128 0x7
 2026 00e6 AC000000 		.4byte	0xac
 2027 00ea 05       		.uleb128 0x5
 2028 00eb 91000000 		.4byte	0x91
 2029 00ef FA000000 		.4byte	0xfa
 2030 00f3 09       		.uleb128 0x9
 2031 00f4 8A000000 		.4byte	0x8a
 2032 00f8 FF       		.byte	0xff
 2033 00f9 00       		.byte	0
 2034 00fa 0A       		.uleb128 0xa
 2035 00fb 98010000 		.4byte	.LASF15
 2036 00ff 03       		.byte	0x3
 2037 0100 2E01     		.2byte	0x12e
 2038 0102 0C010000 		.4byte	0x10c
 2039 0106 05       		.uleb128 0x5
 2040 0107 03       		.byte	0x3
 2041 0108 00000000 		.4byte	cy_meta_flashprotect
 2042 010c 07       		.uleb128 0x7
 2043 010d EA000000 		.4byte	0xea
 2044 0111 05       		.uleb128 0x5
 2045 0112 91000000 		.4byte	0x91
 2046 0116 21010000 		.4byte	0x121
 2047 011a 09       		.uleb128 0x9
 2048 011b 8A000000 		.4byte	0x8a
ARM GAS  C:\Users\MARCUS~1\AppData\Local\Temp\ccuTm1cv.s 			page 37


 2049 011f 0B       		.byte	0xb
 2050 0120 00       		.byte	0
 2051 0121 0A       		.uleb128 0xa
 2052 0122 0A000000 		.4byte	.LASF16
 2053 0126 03       		.byte	0x3
 2054 0127 5B01     		.2byte	0x15b
 2055 0129 33010000 		.4byte	0x133
 2056 012d 05       		.uleb128 0x5
 2057 012e 03       		.byte	0x3
 2058 012f 00000000 		.4byte	cy_metadata
 2059 0133 07       		.uleb128 0x7
 2060 0134 11010000 		.4byte	0x111
 2061 0138 00       		.byte	0
 2062              		.section	.debug_abbrev,"",%progbits
 2063              	.Ldebug_abbrev0:
 2064 0000 01       		.uleb128 0x1
 2065 0001 11       		.uleb128 0x11
 2066 0002 01       		.byte	0x1
 2067 0003 25       		.uleb128 0x25
 2068 0004 0E       		.uleb128 0xe
 2069 0005 13       		.uleb128 0x13
 2070 0006 0B       		.uleb128 0xb
 2071 0007 03       		.uleb128 0x3
 2072 0008 0E       		.uleb128 0xe
 2073 0009 1B       		.uleb128 0x1b
 2074 000a 0E       		.uleb128 0xe
 2075 000b 10       		.uleb128 0x10
 2076 000c 17       		.uleb128 0x17
 2077 000d 00       		.byte	0
 2078 000e 00       		.byte	0
 2079 000f 02       		.uleb128 0x2
 2080 0010 24       		.uleb128 0x24
 2081 0011 00       		.byte	0
 2082 0012 0B       		.uleb128 0xb
 2083 0013 0B       		.uleb128 0xb
 2084 0014 3E       		.uleb128 0x3e
 2085 0015 0B       		.uleb128 0xb
 2086 0016 03       		.uleb128 0x3
 2087 0017 0E       		.uleb128 0xe
 2088 0018 00       		.byte	0
 2089 0019 00       		.byte	0
 2090 001a 03       		.uleb128 0x3
 2091 001b 16       		.uleb128 0x16
 2092 001c 00       		.byte	0
 2093 001d 03       		.uleb128 0x3
 2094 001e 0E       		.uleb128 0xe
 2095 001f 3A       		.uleb128 0x3a
 2096 0020 0B       		.uleb128 0xb
 2097 0021 3B       		.uleb128 0x3b
 2098 0022 0B       		.uleb128 0xb
 2099 0023 49       		.uleb128 0x49
 2100 0024 13       		.uleb128 0x13
 2101 0025 00       		.byte	0
 2102 0026 00       		.byte	0
 2103 0027 04       		.uleb128 0x4
 2104 0028 24       		.uleb128 0x24
 2105 0029 00       		.byte	0
ARM GAS  C:\Users\MARCUS~1\AppData\Local\Temp\ccuTm1cv.s 			page 38


 2106 002a 0B       		.uleb128 0xb
 2107 002b 0B       		.uleb128 0xb
 2108 002c 3E       		.uleb128 0x3e
 2109 002d 0B       		.uleb128 0xb
 2110 002e 03       		.uleb128 0x3
 2111 002f 08       		.uleb128 0x8
 2112 0030 00       		.byte	0
 2113 0031 00       		.byte	0
 2114 0032 05       		.uleb128 0x5
 2115 0033 01       		.uleb128 0x1
 2116 0034 01       		.byte	0x1
 2117 0035 49       		.uleb128 0x49
 2118 0036 13       		.uleb128 0x13
 2119 0037 01       		.uleb128 0x1
 2120 0038 13       		.uleb128 0x13
 2121 0039 00       		.byte	0
 2122 003a 00       		.byte	0
 2123 003b 06       		.uleb128 0x6
 2124 003c 21       		.uleb128 0x21
 2125 003d 00       		.byte	0
 2126 003e 49       		.uleb128 0x49
 2127 003f 13       		.uleb128 0x13
 2128 0040 2F       		.uleb128 0x2f
 2129 0041 05       		.uleb128 0x5
 2130 0042 00       		.byte	0
 2131 0043 00       		.byte	0
 2132 0044 07       		.uleb128 0x7
 2133 0045 26       		.uleb128 0x26
 2134 0046 00       		.byte	0
 2135 0047 49       		.uleb128 0x49
 2136 0048 13       		.uleb128 0x13
 2137 0049 00       		.byte	0
 2138 004a 00       		.byte	0
 2139 004b 08       		.uleb128 0x8
 2140 004c 34       		.uleb128 0x34
 2141 004d 00       		.byte	0
 2142 004e 03       		.uleb128 0x3
 2143 004f 0E       		.uleb128 0xe
 2144 0050 3A       		.uleb128 0x3a
 2145 0051 0B       		.uleb128 0xb
 2146 0052 3B       		.uleb128 0x3b
 2147 0053 0B       		.uleb128 0xb
 2148 0054 49       		.uleb128 0x49
 2149 0055 13       		.uleb128 0x13
 2150 0056 3F       		.uleb128 0x3f
 2151 0057 19       		.uleb128 0x19
 2152 0058 02       		.uleb128 0x2
 2153 0059 18       		.uleb128 0x18
 2154 005a 00       		.byte	0
 2155 005b 00       		.byte	0
 2156 005c 09       		.uleb128 0x9
 2157 005d 21       		.uleb128 0x21
 2158 005e 00       		.byte	0
 2159 005f 49       		.uleb128 0x49
 2160 0060 13       		.uleb128 0x13
 2161 0061 2F       		.uleb128 0x2f
 2162 0062 0B       		.uleb128 0xb
ARM GAS  C:\Users\MARCUS~1\AppData\Local\Temp\ccuTm1cv.s 			page 39


 2163 0063 00       		.byte	0
 2164 0064 00       		.byte	0
 2165 0065 0A       		.uleb128 0xa
 2166 0066 34       		.uleb128 0x34
 2167 0067 00       		.byte	0
 2168 0068 03       		.uleb128 0x3
 2169 0069 0E       		.uleb128 0xe
 2170 006a 3A       		.uleb128 0x3a
 2171 006b 0B       		.uleb128 0xb
 2172 006c 3B       		.uleb128 0x3b
 2173 006d 05       		.uleb128 0x5
 2174 006e 49       		.uleb128 0x49
 2175 006f 13       		.uleb128 0x13
 2176 0070 3F       		.uleb128 0x3f
 2177 0071 19       		.uleb128 0x19
 2178 0072 02       		.uleb128 0x2
 2179 0073 18       		.uleb128 0x18
 2180 0074 00       		.byte	0
 2181 0075 00       		.byte	0
 2182 0076 00       		.byte	0
 2183              		.section	.debug_aranges,"",%progbits
 2184 0000 14000000 		.4byte	0x14
 2185 0004 0200     		.2byte	0x2
 2186 0006 00000000 		.4byte	.Ldebug_info0
 2187 000a 04       		.byte	0x4
 2188 000b 00       		.byte	0
 2189 000c 0000     		.2byte	0
 2190 000e 0000     		.2byte	0
 2191 0010 00000000 		.4byte	0
 2192 0014 00000000 		.4byte	0
 2193              		.section	.debug_line,"",%progbits
 2194              	.Ldebug_line0:
 2195 0000 25010000 		.section	.debug_str,"MS",%progbits,1
 2195      02001F01 
 2195      00000201 
 2195      FB0E0D00 
 2195      01010101 
 2196              	.LASF9:
 2197 0000 5F5F7569 		.ascii	"__uint8_t\000"
 2197      6E74385F 
 2197      7400
 2198              	.LASF16:
 2199 000a 63795F6D 		.ascii	"cy_metadata\000"
 2199      65746164 
 2199      61746100 
 2200              	.LASF1:
 2201 0016 756E7369 		.ascii	"unsigned char\000"
 2201      676E6564 
 2201      20636861 
 2201      7200
 2202              	.LASF17:
 2203 0024 474E5520 		.ascii	"GNU C11 5.4.1 20160609 (release) [ARM/embedded-5-br"
 2203      43313120 
 2203      352E342E 
 2203      31203230 
 2203      31363036 
 2204 0057 616E6368 		.ascii	"anch revision 237715] -mcpu=cortex-m3 -mthumb -g -O"
ARM GAS  C:\Users\MARCUS~1\AppData\Local\Temp\ccuTm1cv.s 			page 40


 2204      20726576 
 2204      6973696F 
 2204      6E203233 
 2204      37373135 
 2205 008a 67202D66 		.ascii	"g -ffunction-sections -ffat-lto-objects\000"
 2205      66756E63 
 2205      74696F6E 
 2205      2D736563 
 2205      74696F6E 
 2206              	.LASF5:
 2207 00b2 6C6F6E67 		.ascii	"long unsigned int\000"
 2207      20756E73 
 2207      69676E65 
 2207      6420696E 
 2207      7400
 2208              	.LASF3:
 2209 00c4 73686F72 		.ascii	"short unsigned int\000"
 2209      7420756E 
 2209      7369676E 
 2209      65642069 
 2209      6E7400
 2210              	.LASF13:
 2211 00d7 63795F6D 		.ascii	"cy_meta_custnvl\000"
 2211      6574615F 
 2211      63757374 
 2211      6E766C00 
 2212              	.LASF12:
 2213 00e7 63795F6D 		.ascii	"cy_meta_configecc\000"
 2213      6574615F 
 2213      636F6E66 
 2213      69676563 
 2213      6300
 2214              	.LASF19:
 2215 00f9 433A5C55 		.ascii	"C:\\Users\\Marcus Gasberg\\Documents\\GitHub\\i3prj"
 2215      73657273 
 2215      5C4D6172 
 2215      63757320 
 2215      47617362 
 2216 0127 5F70726F 		.ascii	"_projekt\\Softwaredesign\\Demoer\\BeerPongTable_LED"
 2216      6A656B74 
 2216      5C536F66 
 2216      74776172 
 2216      65646573 
 2217 0157 5F44656D 		.ascii	"_Demo\\Design01.cydsn\000"
 2217      6F5C4465 
 2217      7369676E 
 2217      30312E63 
 2217      7964736E 
 2218              	.LASF8:
 2219 016c 756E7369 		.ascii	"unsigned int\000"
 2219      676E6564 
 2219      20696E74 
 2219      00
 2220              	.LASF7:
 2221 0179 6C6F6E67 		.ascii	"long long unsigned int\000"
 2221      206C6F6E 
 2221      6720756E 
ARM GAS  C:\Users\MARCUS~1\AppData\Local\Temp\ccuTm1cv.s 			page 41


 2221      7369676E 
 2221      65642069 
 2222              	.LASF10:
 2223 0190 75696E74 		.ascii	"uint8_t\000"
 2223      385F7400 
 2224              	.LASF15:
 2225 0198 63795F6D 		.ascii	"cy_meta_flashprotect\000"
 2225      6574615F 
 2225      666C6173 
 2225      6870726F 
 2225      74656374 
 2226              	.LASF14:
 2227 01ad 63795F6D 		.ascii	"cy_meta_wonvl\000"
 2227      6574615F 
 2227      776F6E76 
 2227      6C00
 2228              	.LASF11:
 2229 01bb 73697A65 		.ascii	"sizetype\000"
 2229      74797065 
 2229      00
 2230              	.LASF6:
 2231 01c4 6C6F6E67 		.ascii	"long long int\000"
 2231      206C6F6E 
 2231      6720696E 
 2231      7400
 2232              	.LASF2:
 2233 01d2 73686F72 		.ascii	"short int\000"
 2233      7420696E 
 2233      7400
 2234              	.LASF4:
 2235 01dc 6C6F6E67 		.ascii	"long int\000"
 2235      20696E74 
 2235      00
 2236              	.LASF0:
 2237 01e5 7369676E 		.ascii	"signed char\000"
 2237      65642063 
 2237      68617200 
 2238              	.LASF18:
 2239 01f1 47656E65 		.ascii	"Generated_Source\\PSoC5\\cymetadata.c\000"
 2239      72617465 
 2239      645F536F 
 2239      75726365 
 2239      5C50536F 
 2240              		.ident	"GCC: (GNU Tools for ARM Embedded Processors) 5.4.1 20160609 (release) [ARM/embedded-5-bran
